2025-05-05T10:33:20.251Z [INFO]: Server running on port 5000
2025-05-05T11:12:43.704Z [INFO]: Server running on port 5001
2025-05-05T11:12:43.777Z [INFO]: Connected to MongoDB
2025-05-05T11:12:57.468Z [INFO]: Server running on port 5001
2025-05-05T11:12:57.494Z [INFO]: Connected to MongoDB
2025-05-05T11:13:25.681Z [INFO]: Server running on port 5001
2025-05-05T11:13:42.306Z [INFO]: Server running on port 5001
2025-05-05T11:14:03.143Z [INFO]: Server running on port 5001
2025-05-05T11:14:33.365Z [ERROR]: MongoDB connection error: Could not connect to any servers in your MongoDB Atlas cluster. One common reason is that you're trying to access the database from an IP that isn't whitelisted. Make sure your current IP address is on your Atlas cluster's IP whitelist: https://www.mongodb.com/docs/atlas/security-whitelist/
2025-05-05T11:15:46.432Z [INFO]: Server running on port 5001
2025-05-05T11:16:11.133Z [INFO]: Server running on port 5001
2025-05-05T11:16:41.369Z [ERROR]: MongoDB connection error: Could not connect to any servers in your MongoDB Atlas cluster. One common reason is that you're trying to access the database from an IP that isn't whitelisted. Make sure your current IP address is on your Atlas cluster's IP whitelist: https://www.mongodb.com/docs/atlas/security-whitelist/
2025-05-05T11:18:34.488Z [INFO]: Server running on port 5001
2025-05-05T11:18:37.717Z [INFO]: Connected to MongoDB
2025-05-05T11:54:13.303Z [INFO]: Server running on port 5001
2025-05-05T11:54:16.908Z [INFO]: Server running on port 5001
2025-05-05T11:54:18.258Z [INFO]: Connected to MongoDB
2025-05-05T11:54:35.566Z [INFO]: Server running on port 5001
2025-05-05T11:54:36.313Z [INFO]: Connected to MongoDB
2025-05-05T11:54:39.300Z [INFO]: Server running on port 5001
2025-05-05T11:54:40.267Z [INFO]: Connected to MongoDB
2025-05-05T11:54:42.769Z [INFO]: Server running on port 5001
2025-05-05T11:54:43.453Z [INFO]: Connected to MongoDB
2025-05-05T11:54:47.551Z [INFO]: Server running on port 5001
2025-05-05T11:54:48.374Z [INFO]: Connected to MongoDB
2025-05-05T11:54:54.705Z [INFO]: Server running on port 5001
2025-05-05T11:54:55.398Z [INFO]: Connected to MongoDB
2025-05-05T11:54:58.270Z [INFO]: Server running on port 5001
2025-05-05T11:54:59.243Z [INFO]: Connected to MongoDB
2025-05-05T11:55:02.875Z [INFO]: Server running on port 5001
2025-05-05T11:55:03.682Z [INFO]: Connected to MongoDB
2025-05-05T11:55:06.434Z [INFO]: Server running on port 5001
2025-05-05T11:55:07.104Z [INFO]: Connected to MongoDB
2025-05-05T11:55:13.289Z [INFO]: Server running on port 5001
2025-05-05T11:55:14.105Z [INFO]: Connected to MongoDB
2025-05-05T12:53:09.805Z [INFO]: Server running on port 5001
2025-05-05T12:53:11.493Z [INFO]: Connected to MongoDB
2025-05-06T06:12:30.784Z [INFO]: Server running on port 5001
2025-05-06T06:12:35.736Z [INFO]: Server running on port 5001
2025-05-06T06:12:41.049Z [INFO]: Server running on port 5001
2025-05-06T06:13:11.177Z [ERROR]: MongoDB connection error: Could not connect to any servers in your MongoDB Atlas cluster. One common reason is that you're trying to access the database from an IP that isn't whitelisted. Make sure your current IP address is on your Atlas cluster's IP whitelist: https://www.mongodb.com/docs/atlas/security-whitelist/
2025-05-06T06:15:52.260Z [INFO]: Server running on port 5001
2025-05-06T06:15:53.664Z [INFO]: Connected to MongoDB
2025-05-06T06:25:30.248Z [INFO]: Server running on port 5001
2025-05-06T06:25:32.998Z [INFO]: Server running on port 5001
2025-05-06T06:25:35.154Z [INFO]: Server running on port 5001
2025-05-06T06:25:35.940Z [INFO]: Connected to MongoDB
2025-05-06T06:28:29.165Z [INFO]: Server running on port 5001
2025-05-06T06:28:30.449Z [INFO]: Connected to MongoDB
2025-05-06T06:34:03.186Z [ERROR]: sendOTP is not defined - /api/users/send-otp - POST - ::1
2025-05-06T06:39:56.546Z [INFO]: Server running on port 5001
2025-05-06T06:39:58.415Z [INFO]: Connected to MongoDB
2025-05-06T06:40:07.718Z [INFO]: Server running on port 5001
2025-05-06T06:40:08.449Z [INFO]: Connected to MongoDB
2025-05-06T06:40:12.162Z [ERROR]: sendOTP is not defined - /api/users/send-otp - POST - ::1
2025-05-06T06:51:52.770Z [INFO]: Server running on port 5001
2025-05-06T06:51:54.901Z [INFO]: Connected to MongoDB
2025-05-06T06:51:59.677Z [INFO]: OTP sent to user: 6819ad5bb8c6c65b72f2eb7e
2025-05-06T06:55:35.190Z [INFO]: OTP sent to user: 6819ad5bb8c6c65b72f2eb7e
2025-05-06T07:02:55.490Z [INFO]: Server running on port 5001
2025-05-06T07:02:56.701Z [INFO]: Connected to MongoDB
2025-05-06T07:03:01.654Z [INFO]: OTP sent to user: 6819ad5bb8c6c65b72f2eb7e
2025-05-06T07:05:59.887Z [INFO]: Server running on port 5001
2025-05-06T07:06:02.307Z [INFO]: Connected to MongoDB
2025-05-06T07:06:07.704Z [ERROR]: Failed to send OTP - /api/users/send-otp - POST - ::1
2025-05-06T07:07:49.455Z [INFO]: Server running on port 5001
2025-05-06T07:07:51.312Z [INFO]: Connected to MongoDB
2025-05-06T07:08:52.204Z [ERROR]: Failed to send OTP - /api/users/send-otp - POST - ::1
2025-05-06T07:22:37.056Z [INFO]: Server running on port 5001
2025-05-06T07:22:46.666Z [INFO]: Server running on port 5001
2025-05-06T07:22:58.383Z [INFO]: Server running on port 5001
2025-05-06T07:23:17.824Z [INFO]: Connected to MongoDB
2025-05-06T07:24:17.643Z [ERROR]: Socket 'secureConnect' timed out after 31836ms (connectTimeoutMS: 30000) - /api/users/send-otp - POST - ::1
2025-05-06T07:24:30.518Z [INFO]: Server running on port 5001
2025-05-06T07:25:02.155Z [INFO]: Connected to MongoDB
2025-05-06T07:25:11.067Z [ERROR]: Failed to send OTP - /api/users/send-otp - POST - ::1
2025-05-06T07:27:18.175Z [INFO]: Server running on port 5001
2025-05-06T07:27:48.354Z [ERROR]: MongoDB connection error: Server selection timed out after 30000 ms
2025-05-06T07:28:23.516Z [INFO]: Server running on port 5001
2025-05-06T07:28:32.796Z [INFO]: Server running on port 5001
2025-05-06T07:28:34.813Z [INFO]: Connected to MongoDB
2025-05-06T07:29:18.835Z [INFO]: Server running on port 5001
2025-05-06T07:29:21.176Z [INFO]: Connected to MongoDB
2025-05-06T07:30:37.469Z [INFO]: Server running on port 5001
2025-05-06T07:30:39.053Z [INFO]: Connected to MongoDB
2025-05-06T07:30:54.808Z [INFO]: Server running on port 5001
2025-05-06T07:30:56.455Z [INFO]: Connected to MongoDB
2025-05-06T07:31:01.661Z [ERROR]: Failed to send OTP - /api/users/send-otp - POST - ::1
2025-05-06T07:31:53.523Z [INFO]: Server running on port 5001
2025-05-06T07:31:54.732Z [INFO]: Connected to MongoDB
2025-05-06T07:33:31.562Z [INFO]: Server running on port 5001
2025-05-06T07:33:34.107Z [INFO]: Connected to MongoDB
2025-05-06T07:34:48.826Z [INFO]: Server running on port 5001
2025-05-06T07:34:51.359Z [INFO]: Connected to MongoDB
2025-05-06T07:34:54.856Z [ERROR]: Failed to send OTP - /api/users/send-otp - POST - ::1
2025-05-06T07:36:24.127Z [INFO]: Server running on port 5001
2025-05-06T07:36:25.085Z [INFO]: Connected to MongoDB
2025-05-06T07:36:30.113Z [ERROR]: Failed to send OTP - /api/users/send-otp - POST - ::1
2025-05-06T07:36:35.258Z [ERROR]: Not Found - ///C:/Users/rahul/Food-Delivery-Backend/src/controllers/userController.js:41:11/n - ///C:/Users/rahul/Food-Delivery-Backend/src/controllers/userController.js:41:11/n - GET - ::1
2025-05-06T07:36:36.250Z [ERROR]: Not Found - /favicon.ico - /favicon.ico - GET - ::1
2025-05-06T07:39:21.060Z [INFO]: Server running on port 5001
2025-05-06T07:39:28.065Z [INFO]: Connected to MongoDB
2025-05-06T07:40:21.328Z [INFO]: Server running on port 5001
2025-05-06T07:40:23.135Z [INFO]: Connected to MongoDB
2025-05-06T07:40:28.689Z [ERROR]: Failed to send OTP - /api/users/send-otp - POST - ::1
2025-05-06T07:45:52.446Z [INFO]: Server running on port 5001
2025-05-06T07:45:54.949Z [INFO]: Connected to MongoDB
2025-05-06T07:46:16.688Z [INFO]: Server running on port 5001
2025-05-06T07:46:17.517Z [INFO]: Connected to MongoDB
2025-05-06T07:46:21.667Z [INFO]: Server running on port 5001
2025-05-06T07:46:22.584Z [INFO]: Connected to MongoDB
2025-05-06T07:51:04.062Z [INFO]: Server running on port 5001
2025-05-06T07:51:04.930Z [INFO]: Connected to MongoDB
2025-05-06T07:51:10.305Z [ERROR]: Failed to send OTP - /api/users/send-otp - POST - ::1
2025-05-06T07:51:28.317Z [ERROR]: Failed to send OTP - /api/users/send-otp - POST - ::1
2025-05-06T07:52:19.611Z [INFO]: Server running on port 5001
2025-05-06T07:52:22.235Z [INFO]: Connected to MongoDB
2025-05-06T07:52:38.152Z [INFO]: Server running on port 5001
2025-05-06T07:52:39.338Z [INFO]: Connected to MongoDB
2025-05-06T07:52:44.510Z [ERROR]: Failed to send OTP - /api/users/send-otp - POST - ::1
2025-05-06T07:54:20.069Z [INFO]: Server running on port 5001
2025-05-06T07:54:22.659Z [INFO]: Connected to MongoDB
2025-05-06T07:54:29.776Z [ERROR]: Failed to send OTP - /api/users/send-otp - POST - ::1
2025-05-06T07:56:07.516Z [INFO]: Server running on port 5001
2025-05-06T07:56:09.957Z [INFO]: Connected to MongoDB
2025-05-06T07:56:15.333Z [ERROR]: Failed to send OTP - /api/users/send-otp - POST - ::1
2025-05-06T07:57:40.506Z [INFO]: Server running on port 5001
2025-05-06T07:57:42.813Z [INFO]: Connected to MongoDB
2025-05-06T08:49:44.503Z [ERROR]: Failed to send OTP - /api/users/send-otp - POST - ::1
2025-05-06T08:50:11.551Z [ERROR]: Failed to send OTP - /api/users/send-otp - POST - ::1
2025-05-06T08:53:11.533Z [INFO]: Server running on port 5001
2025-05-06T08:53:12.830Z [INFO]: Connected to MongoDB
2025-05-06T08:53:46.037Z [ERROR]: Failed to send OTP - /api/users/send-otp - POST - ::1
2025-05-06T08:57:28.879Z [INFO]: Server running on port 5001
2025-05-06T08:57:30.235Z [INFO]: Connected to MongoDB
2025-05-06T08:58:10.387Z [ERROR]: E11000 duplicate key error collection: test.users index: email_1 dup key: { email: null } - /api/users/send-otp - POST - ::1
2025-05-06T08:58:50.862Z [INFO]: Server running on port 5001
2025-05-06T08:58:53.008Z [INFO]: Connected to MongoDB
2025-05-06T08:59:21.888Z [INFO]: Server running on port 5001
2025-05-06T08:59:24.621Z [INFO]: Server running on port 5001
2025-05-06T08:59:25.775Z [INFO]: Connected to MongoDB
2025-05-06T08:59:48.722Z [INFO]: Server running on port 5001
2025-05-06T08:59:49.461Z [INFO]: Connected to MongoDB
2025-05-06T09:00:23.015Z [INFO]: Server running on port 5001
2025-05-06T09:00:24.303Z [INFO]: Connected to MongoDB
2025-05-06T09:00:26.667Z [INFO]: Server running on port 5001
2025-05-06T09:00:28.575Z [INFO]: Connected to MongoDB
2025-05-06T09:00:32.993Z [INFO]: Server running on port 5001
2025-05-06T09:00:33.645Z [INFO]: Connected to MongoDB
2025-05-06T09:00:37.188Z [ERROR]: Failed to send OTP - /api/users/send-otp - POST - ::1
2025-05-06T09:00:59.190Z [INFO]: Server running on port 5001
2025-05-06T09:00:59.890Z [INFO]: Connected to MongoDB
2025-05-06T09:01:02.203Z [INFO]: Server running on port 5001
2025-05-06T09:01:03.190Z [INFO]: Connected to MongoDB
2025-05-06T09:02:54.800Z [INFO]: Server running on port 5001
2025-05-06T09:02:56.584Z [INFO]: Connected to MongoDB
2025-05-06T09:03:05.173Z [ERROR]: Failed to send OTP - /api/users/send-otp - POST - ::1
2025-05-06T09:05:09.309Z [INFO]: Server running on port 5001
2025-05-06T09:05:11.321Z [INFO]: Connected to MongoDB
2025-05-06T09:05:16.785Z [INFO]: Server running on port 5001
2025-05-06T09:05:18.180Z [INFO]: Connected to MongoDB
2025-05-06T09:05:25.271Z [INFO]: Server running on port 5001
2025-05-06T09:05:27.020Z [INFO]: Connected to MongoDB
2025-05-06T09:05:57.428Z [INFO]: Server running on port 5001
2025-05-06T09:05:58.224Z [INFO]: Connected to MongoDB
2025-05-06T09:06:01.618Z [INFO]: Server running on port 5001
2025-05-06T09:06:05.530Z [INFO]: Server running on port 5001
2025-05-06T09:06:06.215Z [INFO]: Connected to MongoDB
2025-05-06T09:06:08.843Z [INFO]: Server running on port 5001
2025-05-06T09:06:09.509Z [INFO]: Connected to MongoDB
2025-05-06T09:06:14.163Z [ERROR]: Failed to send OTP - /api/users/send-otp - POST - ::1
2025-05-06T09:06:45.224Z [INFO]: Server running on port 5001
2025-05-06T09:06:46.492Z [INFO]: Connected to MongoDB
2025-05-06T09:06:48.861Z [ERROR]: Failed to send OTP - /api/users/send-otp - POST - ::1
2025-05-06T09:07:06.055Z [INFO]: Server running on port 5001
2025-05-06T09:07:07.086Z [INFO]: Connected to MongoDB
2025-05-06T09:07:13.041Z [ERROR]: Failed to send OTP - /api/users/send-otp - POST - ::1
2025-05-06T09:07:45.532Z [INFO]: Server running on port 5001
2025-05-06T09:07:48.246Z [INFO]: Server running on port 5001
2025-05-06T09:07:49.058Z [INFO]: Connected to MongoDB
2025-05-06T09:07:51.133Z [INFO]: Server running on port 5001
2025-05-06T09:07:52.167Z [INFO]: Connected to MongoDB
2025-05-06T09:08:31.741Z [ERROR]: Failed to send OTP - /api/users/send-otp - POST - ::1
2025-05-06T09:08:55.441Z [INFO]: Server running on port 5001
2025-05-06T09:08:56.584Z [INFO]: Connected to MongoDB
2025-05-06T09:09:05.859Z [ERROR]: Failed to send OTP - /api/users/send-otp - POST - ::1
2025-05-06T09:38:42.530Z [INFO]: Server running on port 5001
2025-05-06T09:38:43.718Z [INFO]: Connected to MongoDB
2025-05-06T09:39:20.057Z [INFO]: Server running on port 5001
2025-05-06T09:39:22.053Z [INFO]: Connected to MongoDB
2025-05-06T09:39:41.867Z [INFO]: Server running on port 5001
2025-05-06T09:39:42.798Z [INFO]: Connected to MongoDB
2025-05-06T09:41:56.107Z [INFO]: Server running on port 5001
2025-05-06T09:41:58.184Z [INFO]: Connected to MongoDB
2025-05-06T09:42:09.557Z [INFO]: Server running on port 5001
2025-05-06T09:42:10.464Z [INFO]: Connected to MongoDB
2025-05-06T09:42:19.537Z [INFO]: Server running on port 5001
2025-05-06T09:42:26.263Z [INFO]: Server running on port 5001
2025-05-06T09:42:27.878Z [INFO]: Connected to MongoDB
2025-05-06T09:45:35.059Z [INFO]: Server running on port 5001
2025-05-06T09:45:36.493Z [INFO]: Connected to MongoDB
2025-05-06T09:46:38.680Z [INFO]: Server running on port 5001
2025-05-06T09:46:41.345Z [INFO]: Server running on port 5001
2025-05-06T09:46:42.179Z [INFO]: Connected to MongoDB
2025-05-06T09:49:04.170Z [INFO]: Server running on port 5001
2025-05-06T09:49:05.628Z [INFO]: Connected to MongoDB
2025-05-06T09:54:37.087Z [INFO]: Server running on port 5001
2025-05-06T09:54:40.123Z [INFO]: Connected to MongoDB
2025-05-06T09:55:21.474Z [INFO]: Server running on port 5001
2025-05-06T09:55:22.360Z [INFO]: Connected to MongoDB
2025-05-06T09:55:39.178Z [INFO]: Server running on port 5001
2025-05-06T09:55:41.784Z [INFO]: Server running on port 5001
2025-05-06T09:55:42.811Z [INFO]: Connected to MongoDB
2025-05-06T09:56:34.610Z [INFO]: Server running on port 5001
2025-05-06T09:56:35.723Z [INFO]: Connected to MongoDB
2025-05-06T09:59:17.706Z [INFO]: Server running on port 5001
2025-05-06T09:59:19.723Z [INFO]: Connected to MongoDB
2025-05-06T09:59:32.346Z [INFO]: Server running on port 5001
2025-05-06T09:59:33.162Z [INFO]: Connected to MongoDB
2025-05-06T10:00:37.303Z [INFO]: Server running on port 5001
2025-05-06T10:00:38.400Z [INFO]: Connected to MongoDB
2025-05-06T10:00:48.799Z [INFO]: Server running on port 5001
2025-05-06T10:00:49.565Z [INFO]: Connected to MongoDB
2025-05-06T10:00:58.967Z [INFO]: Server running on port 5001
2025-05-06T10:00:59.700Z [INFO]: Connected to MongoDB
2025-05-06T10:01:56.089Z [INFO]: Server running on port 5001
2025-05-06T10:01:57.458Z [INFO]: Connected to MongoDB
2025-05-06T10:02:29.919Z [INFO]: Server running on port 5001
2025-05-06T10:02:30.825Z [INFO]: Connected to MongoDB
2025-05-06T10:02:37.117Z [INFO]: Server running on port 5001
2025-05-06T10:02:37.769Z [INFO]: Connected to MongoDB
2025-05-06T10:03:04.159Z [INFO]: Server running on port 5001
2025-05-06T10:03:06.089Z [INFO]: Connected to MongoDB
2025-05-06T10:04:28.264Z [INFO]: Server running on port 5001
2025-05-06T10:04:29.516Z [INFO]: Connected to MongoDB
2025-05-06T10:04:47.850Z [INFO]: Server running on port 5001
2025-05-06T10:04:48.802Z [INFO]: Connected to MongoDB
2025-05-06T10:04:50.676Z [INFO]: Server running on port 5001
2025-05-06T10:04:53.653Z [INFO]: Server running on port 5001
2025-05-06T10:04:56.063Z [INFO]: Server running on port 5001
2025-05-06T10:04:58.459Z [INFO]: Server running on port 5001
2025-05-06T10:04:59.196Z [INFO]: Connected to MongoDB
2025-05-06T10:22:32.298Z [INFO]: Server running on port 5001
2025-05-06T10:22:33.551Z [INFO]: Connected to MongoDB
2025-05-06T10:24:38.012Z [INFO]: Server running on port 5001
2025-05-06T10:24:39.083Z [INFO]: Connected to MongoDB
2025-05-06T10:35:59.571Z [INFO]: Server running on port 5001
2025-05-06T10:36:00.861Z [INFO]: Connected to MongoDB
2025-05-06T10:36:16.310Z [INFO]: Server running on port 5001
2025-05-06T10:36:17.087Z [INFO]: Connected to MongoDB
2025-05-06T10:36:57.026Z [INFO]: Server running on port 5001
2025-05-06T10:36:57.909Z [INFO]: Connected to MongoDB
2025-05-06T10:37:40.835Z [INFO]: Server running on port 5001
2025-05-06T10:37:42.250Z [INFO]: Connected to MongoDB
2025-05-06T10:38:32.282Z [INFO]: Server running on port 5001
2025-05-06T10:38:33.277Z [INFO]: Connected to MongoDB
2025-05-06T10:39:46.105Z [INFO]: Server running on port 5001
2025-05-06T10:39:48.149Z [INFO]: Connected to MongoDB
2025-05-06T10:40:04.903Z [INFO]: Server running on port 5001
2025-05-06T10:40:06.567Z [INFO]: Connected to MongoDB
2025-05-06T10:45:37.452Z [INFO]: Server running on port 5001
2025-05-06T10:45:39.198Z [INFO]: Connected to MongoDB
2025-05-06T10:47:18.699Z [ERROR]: User validation failed: email: Please provide a valid email - /api/users/verify-otp - POST - ::1
2025-05-06T10:53:01.871Z [INFO]: Server running on port 5001
2025-05-06T10:53:10.915Z [INFO]: Server running on port 5001
2025-05-06T10:53:12.894Z [INFO]: Connected to MongoDB
2025-05-06T10:53:17.943Z [INFO]: Server running on port 5001
2025-05-06T10:53:25.436Z [INFO]: Server running on port 5001
2025-05-06T10:53:26.832Z [INFO]: Connected to MongoDB
2025-05-06T11:02:54.248Z [INFO]: Server running on port 5001
2025-05-06T11:02:55.438Z [INFO]: Connected to MongoDB
2025-05-06T11:03:22.094Z [INFO]: Server running on port 5001
2025-05-06T11:03:23.110Z [INFO]: Connected to MongoDB
2025-05-06T11:05:51.773Z [INFO]: Server running on port 5001
2025-05-06T11:05:52.778Z [INFO]: Connected to MongoDB
2025-05-06T11:07:00.236Z [INFO]: Server running on port 5001
2025-05-06T11:07:01.861Z [INFO]: Connected to MongoDB
2025-05-06T11:08:48.897Z [INFO]: Server running on port 5001
2025-05-06T11:08:50.246Z [INFO]: Connected to MongoDB
2025-05-06T11:09:15.659Z [INFO]: Server running on port 5001
2025-05-06T11:09:17.016Z [INFO]: Connected to MongoDB
2025-05-06T11:11:57.322Z [ERROR]: User validation failed: mobileNumber: Please provide a phone number - /api/users/verify-otp - POST - ::1
2025-05-06T11:12:51.357Z [INFO]: Server running on port 5001
2025-05-06T11:12:53.067Z [INFO]: Connected to MongoDB
2025-05-06T11:14:09.456Z [ERROR]: Not authorized, no token - /api/users - GET - ::1
2025-05-06T11:15:50.683Z [ERROR]: Not authorized as an admin - /api/users - GET - ::1
2025-05-06T11:16:44.238Z [ERROR]: Schema hasn't been registered for model "Address".
Use mongoose.model(name, schema) - /api/users/profile - GET - ::1
2025-05-06T11:17:59.779Z [INFO]: Server running on port 5001
2025-05-06T11:18:01.846Z [INFO]: Connected to MongoDB
2025-05-06T11:18:07.702Z [ERROR]: Schema hasn't been registered for model "Address".
Use mongoose.model(name, schema) - /api/users/profile - GET - ::1
2025-05-06T12:16:09.028Z [ERROR]: Schema hasn't been registered for model "Address".
Use mongoose.model(name, schema) - /api/users/profile - GET - ::1
2025-05-06T12:18:03.311Z [INFO]: Server running on port 5001
2025-05-06T12:18:05.132Z [INFO]: Connected to MongoDB
2025-05-06T12:25:02.505Z [INFO]: Server running on port 5001
2025-05-06T12:25:04.297Z [INFO]: Connected to MongoDB
2025-05-06T12:27:35.124Z [INFO]: User profile updated: 6819feac7310d1a1216c5673
2025-05-06T12:27:54.809Z [INFO]: Server running on port 5001
2025-05-06T12:27:57.008Z [INFO]: Connected to MongoDB
2025-05-06T12:28:31.394Z [INFO]: User profile updated: 6819feac7310d1a1216c5673
2025-05-06T12:29:30.205Z [INFO]: User profile updated: 6819feac7310d1a1216c5673
2025-05-08T05:01:17.527Z [INFO]: Server running on port 5001
2025-05-08T05:01:18.374Z [INFO]: Connected to MongoDB
2025-05-08T05:07:45.374Z [ERROR]: E11000 duplicate key error collection: test.users index: phone_1 dup key: { phone: null } - /api/users/verify-otp - POST - ::1
2025-05-08T07:32:42.557Z [INFO]: Server running on port 5001
2025-05-08T07:32:43.396Z [INFO]: Connected to MongoDB
2025-05-08T07:40:06.250Z [INFO]: Server running on port 5001
2025-05-08T07:40:07.105Z [INFO]: Connected to MongoDB
2025-05-08T07:47:26.523Z [INFO]: Server running on port 5001
2025-05-08T07:47:28.307Z [INFO]: Connected to MongoDB
2025-05-08T07:48:03.223Z [INFO]: Server running on port 5001
2025-05-08T07:48:04.129Z [INFO]: Connected to MongoDB
2025-05-08T08:53:16.185Z [INFO]: Server running on port 5001
2025-05-08T08:53:17.084Z [INFO]: Connected to MongoDB
2025-05-08T08:54:24.634Z [ERROR]: Wallet is not defined - /api/users/verify-otp - POST - ::1
2025-05-08T08:55:35.830Z [INFO]: Server running on port 5001
2025-05-08T08:55:37.896Z [INFO]: Connected to MongoDB
2025-05-08T08:55:41.929Z [INFO]: Server running on port 5001
2025-05-08T08:55:43.074Z [INFO]: Connected to MongoDB
2025-05-08T08:57:54.232Z [INFO]: Server running on port 5001
2025-05-08T08:57:56.167Z [INFO]: Connected to MongoDB
2025-05-08T08:58:14.161Z [INFO]: Server running on port 5001
2025-05-08T08:58:15.070Z [INFO]: Connected to MongoDB
2025-05-08T08:58:18.495Z [INFO]: Server running on port 5001
2025-05-08T08:58:19.020Z [INFO]: Connected to MongoDB
2025-05-08T09:01:11.394Z [INFO]: Server running on port 5001
2025-05-08T09:01:12.557Z [INFO]: Connected to MongoDB
2025-05-08T09:01:51.458Z [INFO]: Server running on port 5001
2025-05-08T09:01:53.475Z [INFO]: Connected to MongoDB
2025-05-08T09:04:56.847Z [INFO]: Server running on port 5001
2025-05-08T09:04:59.089Z [INFO]: Connected to MongoDB
2025-05-08T09:05:37.504Z [ERROR]: User validation failed: mobileNumber: Please provide a mobile number, name: Please provide a name - /api/users/verify-otp - POST - ::1
2025-05-08T10:51:21.959Z [INFO]: Server running on port 5001
2025-05-08T10:51:23.539Z [INFO]: Connected to MongoDB
2025-05-08T11:48:34.953Z [INFO]: Server running on port 5001
2025-05-08T11:48:40.248Z [INFO]: Server running on port 5001
2025-05-08T11:48:41.170Z [INFO]: Connected to MongoDB
2025-05-08T11:50:26.467Z [INFO]: Server running on port 5001
2025-05-08T11:50:29.852Z [INFO]: Connected to MongoDB
2025-05-08T11:50:55.161Z [INFO]: Server running on port 5001
2025-05-08T11:50:57.341Z [INFO]: Connected to MongoDB
2025-05-08T11:51:24.947Z [INFO]: Server running on port 5001
2025-05-08T11:51:25.963Z [INFO]: Connected to MongoDB
2025-05-08T12:38:31.657Z [INFO]: Server running on port 5001
2025-05-08T12:38:34.001Z [INFO]: Connected to MongoDB
2025-05-12T04:15:56.303Z [INFO]: Server running on port 5001
2025-05-12T04:15:57.484Z [INFO]: Connected to MongoDB
2025-05-12T04:18:49.467Z [INFO]: Server running on port 5001
2025-05-12T04:18:50.544Z [INFO]: Connected to MongoDB
2025-05-12T06:18:35.892Z [INFO]: Server running on port 4080
2025-05-12T06:18:36.946Z [INFO]: Connected to MongoDB
2025-05-12T06:21:56.493Z [ERROR]: Wallet is not defined - /api/users/verify-otp - POST - ::1
2025-05-12T06:30:53.526Z [INFO]: Server running on port 4080
2025-05-12T06:30:54.657Z [INFO]: Connected to MongoDB
2025-05-12T06:33:13.137Z [INFO]: Server running on port 4080
2025-05-12T06:33:15.793Z [INFO]: Server running on port 4080
2025-05-12T06:33:17.157Z [INFO]: Connected to MongoDB
2025-05-12T06:33:37.835Z [INFO]: Server running on port 4080
2025-05-12T06:33:38.486Z [INFO]: Connected to MongoDB
2025-05-12T06:59:20.075Z [ERROR]: User validation failed: name: Please provide a name - /api/users/verify-otp - POST - ::ffff:192.168.1.20
2025-05-12T07:00:08.492Z [INFO]: Server running on port 4080
2025-05-12T07:00:11.034Z [INFO]: Connected to MongoDB
2025-05-12T07:00:46.181Z [ERROR]: Wallet is not defined - /api/users/verify-otp - POST - ::1
2025-05-12T07:03:39.806Z [ERROR]: Not Found - /api/salon/mostreview?latitude=26.804199&longitude=75.858655 - /api/salon/mostreview?latitude=26.804199&longitude=75.858655 - GET - ::ffff:192.168.1.20
2025-05-12T07:03:39.809Z [ERROR]: Not Found - /api/salon/nearby?latitude=26.804199&longitude=75.858655&maxDistance=200&minRate=0&maxRate=100000&sortBy=distance&sortOrder=asc&minReviewCount=0&minRating=0 - /api/salon/nearby?latitude=26.804199&longitude=75.858655&maxDistance=200&minRate=0&maxRate=100000&sortBy=distance&sortOrder=asc&minReviewCount=0&minRating=0 - GET - ::ffff:192.168.1.20
2025-05-12T07:04:37.295Z [ERROR]: Wallet is not defined - /api/users/verify-otp - POST - ::1
2025-05-12T07:04:42.936Z [ERROR]: Not Found - ///C:/Users/rahul/food_backend/src/controllers/userController.js:100:28/n - ///C:/Users/rahul/food_backend/src/controllers/userController.js:100:28/n - GET - ::1
2025-05-12T07:04:43.043Z [ERROR]: Not Found - /favicon.ico - /favicon.ico - GET - ::1
2025-05-12T07:04:43.879Z [ERROR]: Not Found - ///C:/Users/rahul/food_backend/src/controllers/userController.js:100:28/n - ///C:/Users/rahul/food_backend/src/controllers/userController.js:100:28/n - GET - ::1
2025-05-12T07:08:17.949Z [ERROR]: name is not defined - /api/users/verify-otp - POST - ::ffff:192.168.1.20
2025-05-12T07:09:00.975Z [INFO]: Server running on port 4080
2025-05-12T07:09:01.995Z [INFO]: Connected to MongoDB
2025-05-12T07:09:03.785Z [ERROR]: Not Found - /api/user/profile?mobile=8302845976 - /api/user/profile?mobile=8302845976 - GET - ::ffff:192.168.1.20
2025-05-12T07:09:11.006Z [INFO]: Server running on port 4080
2025-05-12T07:09:11.724Z [INFO]: Connected to MongoDB
2025-05-12T07:09:35.659Z [ERROR]: Not Found - /api/user/profile?mobile=8302845976 - /api/user/profile?mobile=8302845976 - GET - ::ffff:192.168.1.20
2025-05-12T07:11:37.556Z [ERROR]: Not Found - /api/user/profile?mobile=8302845976 - /api/user/profile?mobile=8302845976 - GET - ::ffff:192.168.1.20
2025-05-12T07:11:51.088Z [ERROR]: Not Found - /api/user/profile?mobile=8302845976 - /api/user/profile?mobile=8302845976 - GET - ::ffff:192.168.1.20
2025-05-12T07:11:52.635Z [ERROR]: Not Found - /api/user/profile?mobile=8302845976 - /api/user/profile?mobile=8302845976 - GET - ::ffff:192.168.1.20
2025-05-12T07:12:35.367Z [ERROR]: Not Found - /api/user/profile?mobile=8302845976 - /api/user/profile?mobile=8302845976 - GET - ::ffff:192.168.1.20
2025-05-12T07:13:50.382Z [ERROR]: name is not defined - /api/users/verify-otp - POST - ::ffff:192.168.1.20
2025-05-12T07:15:36.674Z [ERROR]: name is not defined - /api/users/verify-otp - POST - ::1
2025-05-12T07:15:57.943Z [INFO]: Server running on port 4080
2025-05-12T07:15:58.871Z [INFO]: Connected to MongoDB
2025-05-12T07:16:31.053Z [ERROR]: User validation failed: name: Please provide a name - /api/users/verify-otp - POST - ::1
2025-05-12T07:16:51.273Z [INFO]: Server running on port 4080
2025-05-12T07:16:51.912Z [INFO]: Connected to MongoDB
2025-05-12T07:17:16.854Z [ERROR]: User validation failed: name: Please provide a name - /api/users/verify-otp - POST - ::1
2025-05-12T07:18:35.903Z [INFO]: Server running on port 4080
2025-05-12T07:18:37.214Z [INFO]: Connected to MongoDB
2025-05-12T07:19:41.609Z [INFO]: Server running on port 4080
2025-05-12T07:19:42.463Z [INFO]: Connected to MongoDB
2025-05-12T07:20:10.687Z [ERROR]: User validation failed: name: Please provide a name - /api/users/verify-otp - POST - ::1
2025-05-12T07:21:18.632Z [INFO]: Server running on port 4080
2025-05-12T07:21:19.374Z [INFO]: Connected to MongoDB
2025-05-12T07:22:00.508Z [ERROR]: Not Found - /api/user/send-otp - /api/user/send-otp - POST - ::ffff:192.168.1.20
2025-05-12T07:22:04.075Z [ERROR]: Not Found - /api/user/send-otp - /api/user/send-otp - POST - ::ffff:192.168.1.20
2025-05-12T07:22:05.942Z [ERROR]: Not Found - /api/user/send-otp - /api/user/send-otp - POST - ::ffff:192.168.1.20
2025-05-12T07:22:06.638Z [ERROR]: Not Found - /api/user/send-otp - /api/user/send-otp - POST - ::ffff:192.168.1.20
2025-05-12T07:22:07.008Z [ERROR]: Not Found - /api/user/send-otp - /api/user/send-otp - POST - ::ffff:192.168.1.20
2025-05-12T07:22:07.201Z [ERROR]: Not Found - /api/user/send-otp - /api/user/send-otp - POST - ::ffff:192.168.1.20
2025-05-12T07:22:07.402Z [ERROR]: Not Found - /api/user/send-otp - /api/user/send-otp - POST - ::ffff:192.168.1.20
2025-05-12T07:22:53.206Z [ERROR]: E11000 duplicate key error collection: test.users index: email_1 dup key: { email: null } - /api/users/verify-otp - POST - ::ffff:192.168.1.20
2025-05-12T07:23:57.961Z [ERROR]: Not Found - /api/salon/mostreview?latitude=26.7998252&longitude=75.870007 - /api/salon/mostreview?latitude=26.7998252&longitude=75.870007 - GET - ::ffff:192.168.1.20
2025-05-12T07:23:57.988Z [ERROR]: Not Found - /api/salon/nearby?latitude=26.7998252&longitude=75.870007&maxDistance=200&minRate=0&maxRate=100000&sortBy=distance&sortOrder=asc&minReviewCount=0&minRating=0 - /api/salon/nearby?latitude=26.7998252&longitude=75.870007&maxDistance=200&minRate=0&maxRate=100000&sortBy=distance&sortOrder=asc&minReviewCount=0&minRating=0 - GET - ::ffff:192.168.1.20
2025-05-12T07:26:26.580Z [ERROR]: Not Found - /api/salon/nearby?latitude=26.7998252&longitude=75.870007&maxDistance=200&minRate=0&maxRate=100000&sortBy=distance&sortOrder=asc&minReviewCount=0&minRating=0 - /api/salon/nearby?latitude=26.7998252&longitude=75.870007&maxDistance=200&minRate=0&maxRate=100000&sortBy=distance&sortOrder=asc&minReviewCount=0&minRating=0 - GET - ::ffff:192.168.1.20
2025-05-12T07:26:26.589Z [ERROR]: Not Found - /api/salon/mostreview?latitude=26.7998252&longitude=75.870007 - /api/salon/mostreview?latitude=26.7998252&longitude=75.870007 - GET - ::ffff:192.168.1.20
2025-05-12T07:33:16.165Z [ERROR]: Not Found - /api/salon/mostreview?latitude=26.7998252&longitude=75.870007 - /api/salon/mostreview?latitude=26.7998252&longitude=75.870007 - GET - ::ffff:192.168.1.20
2025-05-12T07:33:16.190Z [ERROR]: Not Found - /api/salon/nearby?latitude=26.7998252&longitude=75.870007&maxDistance=200&minRate=0&maxRate=100000&sortBy=distance&sortOrder=asc&minReviewCount=0&minRating=0 - /api/salon/nearby?latitude=26.7998252&longitude=75.870007&maxDistance=200&minRate=0&maxRate=100000&sortBy=distance&sortOrder=asc&minReviewCount=0&minRating=0 - GET - ::ffff:192.168.1.20
2025-05-12T07:45:40.267Z [ERROR]: Not Found - /api/salon/nearby?latitude=26.7998252&longitude=75.870007&maxDistance=200&minRate=0&maxRate=100000&sortBy=distance&sortOrder=asc&minReviewCount=0&minRating=0 - /api/salon/nearby?latitude=26.7998252&longitude=75.870007&maxDistance=200&minRate=0&maxRate=100000&sortBy=distance&sortOrder=asc&minReviewCount=0&minRating=0 - GET - ::ffff:192.168.1.20
2025-05-12T07:45:40.301Z [ERROR]: Not Found - /api/salon/mostreview?latitude=26.7998252&longitude=75.870007 - /api/salon/mostreview?latitude=26.7998252&longitude=75.870007 - GET - ::ffff:192.168.1.20
2025-05-12T07:46:55.012Z [ERROR]: Not Found - /api/salon/nearby?latitude=26.7998252&longitude=75.870007&maxDistance=200&minRate=0&maxRate=100000&sortBy=distance&sortOrder=asc&minReviewCount=0&minRating=0 - /api/salon/nearby?latitude=26.7998252&longitude=75.870007&maxDistance=200&minRate=0&maxRate=100000&sortBy=distance&sortOrder=asc&minReviewCount=0&minRating=0 - GET - ::ffff:192.168.1.20
2025-05-12T07:46:55.024Z [ERROR]: Not Found - /api/salon/mostreview?latitude=26.7998252&longitude=75.870007 - /api/salon/mostreview?latitude=26.7998252&longitude=75.870007 - GET - ::ffff:192.168.1.20
2025-05-12T07:51:07.598Z [ERROR]: Not Found - /api/salon/nearby?latitude=26.804199&longitude=75.858655&maxDistance=200&minRate=0&maxRate=100000&sortBy=distance&sortOrder=asc&minReviewCount=0&minRating=0 - /api/salon/nearby?latitude=26.804199&longitude=75.858655&maxDistance=200&minRate=0&maxRate=100000&sortBy=distance&sortOrder=asc&minReviewCount=0&minRating=0 - GET - ::ffff:192.168.1.20
2025-05-12T07:51:07.601Z [ERROR]: Not Found - /api/salon/mostreview?latitude=26.804199&longitude=75.858655 - /api/salon/mostreview?latitude=26.804199&longitude=75.858655 - GET - ::ffff:192.168.1.20
2025-05-12T07:51:29.362Z [INFO]: Server running on port 4080
2025-05-12T07:51:31.652Z [INFO]: Server running on port 4080
2025-05-12T07:51:34.206Z [INFO]: Server running on port 4080
2025-05-12T07:51:34.945Z [INFO]: Connected to MongoDB
2025-05-12T07:53:19.428Z [ERROR]: Not Found - /api/salon/nearby?latitude=26.804199&longitude=75.858655&maxDistance=200&minRate=0&maxRate=100000&sortBy=distance&sortOrder=asc&minReviewCount=0&minRating=0 - /api/salon/nearby?latitude=26.804199&longitude=75.858655&maxDistance=200&minRate=0&maxRate=100000&sortBy=distance&sortOrder=asc&minReviewCount=0&minRating=0 - GET - ::ffff:192.168.1.20
2025-05-12T07:53:19.442Z [ERROR]: Not Found - /api/salon/mostreview?latitude=26.804199&longitude=75.858655 - /api/salon/mostreview?latitude=26.804199&longitude=75.858655 - GET - ::ffff:192.168.1.20
2025-05-12T08:00:42.302Z [ERROR]: Not Found - /api/salon/mostreview?latitude=26.804199&longitude=75.858655 - /api/salon/mostreview?latitude=26.804199&longitude=75.858655 - GET - ::ffff:192.168.1.20
2025-05-12T08:00:42.319Z [ERROR]: Not Found - /api/user/user-info - /api/user/user-info - GET - ::ffff:192.168.1.20
2025-05-12T08:00:42.325Z [ERROR]: Not Found - /api/salon/nearby?latitude=26.804199&longitude=75.858655&maxDistance=200&minRate=0&maxRate=100000&sortBy=distance&sortOrder=asc&minReviewCount=0&minRating=0 - /api/salon/nearby?latitude=26.804199&longitude=75.858655&maxDistance=200&minRate=0&maxRate=100000&sortBy=distance&sortOrder=asc&minReviewCount=0&minRating=0 - GET - ::ffff:192.168.1.20
2025-05-12T08:49:18.108Z [ERROR]: Not Found - /api/salon/nearby?latitude=26.804199&longitude=75.858655&maxDistance=200&minRate=0&maxRate=100000&sortBy=distance&sortOrder=asc&minReviewCount=0&minRating=0 - /api/salon/nearby?latitude=26.804199&longitude=75.858655&maxDistance=200&minRate=0&maxRate=100000&sortBy=distance&sortOrder=asc&minReviewCount=0&minRating=0 - GET - ::ffff:192.168.1.20
2025-05-12T08:49:18.113Z [ERROR]: Not Found - /api/salon/mostreview?latitude=26.804199&longitude=75.858655 - /api/salon/mostreview?latitude=26.804199&longitude=75.858655 - GET - ::ffff:192.168.1.20
2025-05-12T08:50:25.695Z [ERROR]: Not Found - /api/salon/nearby?latitude=26.799861&longitude=75.8697312&maxDistance=200&minRate=0&maxRate=100000&sortBy=distance&sortOrder=asc&minReviewCount=0&minRating=0 - /api/salon/nearby?latitude=26.799861&longitude=75.8697312&maxDistance=200&minRate=0&maxRate=100000&sortBy=distance&sortOrder=asc&minReviewCount=0&minRating=0 - GET - ::ffff:192.168.1.20
2025-05-12T08:50:25.707Z [ERROR]: Not Found - /api/salon/mostreview?latitude=26.799861&longitude=75.8697312 - /api/salon/mostreview?latitude=26.799861&longitude=75.8697312 - GET - ::ffff:192.168.1.20
2025-05-12T08:50:25.731Z [ERROR]: Not Found - /api/user/user-info - /api/user/user-info - GET - ::ffff:192.168.1.20
2025-05-12T08:51:45.071Z [ERROR]: Not Found - /api/salon/nearby?latitude=26.7998414&longitude=75.8696945&maxDistance=200&minRate=0&maxRate=100000&sortBy=distance&sortOrder=asc&minReviewCount=0&minRating=0 - /api/salon/nearby?latitude=26.7998414&longitude=75.8696945&maxDistance=200&minRate=0&maxRate=100000&sortBy=distance&sortOrder=asc&minReviewCount=0&minRating=0 - GET - ::ffff:192.168.1.20
2025-05-12T08:51:45.081Z [ERROR]: Not Found - /api/salon/mostreview?latitude=26.7998414&longitude=75.8696945 - /api/salon/mostreview?latitude=26.7998414&longitude=75.8696945 - GET - ::ffff:192.168.1.20
2025-05-12T08:54:22.106Z [ERROR]: Not Found - /api/salon/nearby?latitude=26.7998414&longitude=75.8696945&maxDistance=200&minRate=0&maxRate=100000&sortBy=distance&sortOrder=asc&minReviewCount=0&minRating=0 - /api/salon/nearby?latitude=26.7998414&longitude=75.8696945&maxDistance=200&minRate=0&maxRate=100000&sortBy=distance&sortOrder=asc&minReviewCount=0&minRating=0 - GET - ::ffff:192.168.1.20
2025-05-12T08:54:22.126Z [ERROR]: Not Found - /api/salon/mostreview?latitude=26.7998414&longitude=75.8696945 - /api/salon/mostreview?latitude=26.7998414&longitude=75.8696945 - GET - ::ffff:192.168.1.20
2025-05-12T09:00:00.894Z [ERROR]: Not Found - /api/salon/nearby?latitude=26.7998414&longitude=75.8696945&maxDistance=200&minRate=0&maxRate=100000&sortBy=distance&sortOrder=asc&minReviewCount=0&minRating=0 - /api/salon/nearby?latitude=26.7998414&longitude=75.8696945&maxDistance=200&minRate=0&maxRate=100000&sortBy=distance&sortOrder=asc&minReviewCount=0&minRating=0 - GET - ::ffff:192.168.1.20
2025-05-12T09:00:01.039Z [ERROR]: Not Found - /api/salon/mostreview?latitude=26.7998414&longitude=75.8696945 - /api/salon/mostreview?latitude=26.7998414&longitude=75.8696945 - GET - ::ffff:192.168.1.20
2025-05-12T09:01:14.770Z [ERROR]: Not Found - /api/user/profile?mobile=9882724552 - /api/user/profile?mobile=9882724552 - GET - ::ffff:192.168.1.20
2025-05-12T09:02:09.275Z [ERROR]: Not Found - /api/user/profile?mobile=9882724552 - /api/user/profile?mobile=9882724552 - GET - ::ffff:192.168.1.20
2025-05-12T09:02:15.588Z [ERROR]: Not Found - /api/user/profile?mobile=9882724552 - /api/user/profile?mobile=9882724552 - GET - ::ffff:192.168.1.20
2025-05-12T09:02:17.864Z [ERROR]: Not Found - /api/user/profile?mobile=9882724552 - /api/user/profile?mobile=9882724552 - GET - ::ffff:192.168.1.20
2025-05-12T09:02:21.154Z [ERROR]: Not Found - /api/user/profile?mobile=9882724552 - /api/user/profile?mobile=9882724552 - GET - ::ffff:192.168.1.20
2025-05-12T09:02:22.745Z [ERROR]: Not Found - /api/user/profile?mobile=9882724552 - /api/user/profile?mobile=9882724552 - GET - ::ffff:192.168.1.20
2025-05-12T09:02:23.805Z [ERROR]: Not Found - /api/user/profile?mobile=9882724552 - /api/user/profile?mobile=9882724552 - GET - ::ffff:192.168.1.20
2025-05-12T09:02:25.222Z [ERROR]: Not Found - /api/user/profile?mobile=9882724552 - /api/user/profile?mobile=9882724552 - GET - ::ffff:192.168.1.20
2025-05-12T09:02:38.913Z [ERROR]: Not Found - /api/user/profile?mobile=9882724552 - /api/user/profile?mobile=9882724552 - GET - ::ffff:192.168.1.20
2025-05-12T09:02:44.307Z [ERROR]: Not Found - /api/user/profile?mobile=9882724552 - /api/user/profile?mobile=9882724552 - GET - ::ffff:192.168.1.20
2025-05-12T09:02:49.114Z [ERROR]: Not Found - /api/user/profile?mobile=9882724552 - /api/user/profile?mobile=9882724552 - GET - ::ffff:192.168.1.20
2025-05-12T09:02:50.321Z [ERROR]: Not Found - /api/user/profile?mobile=9882724552 - /api/user/profile?mobile=9882724552 - GET - ::ffff:192.168.1.20
2025-05-12T09:03:12.760Z [ERROR]: Not Found - /api/user/profile?mobile=9882724552 - /api/user/profile?mobile=9882724552 - GET - ::ffff:192.168.1.20
2025-05-12T09:03:16.117Z [ERROR]: Not Found - /api/user/profile?mobile=9882724552 - /api/user/profile?mobile=9882724552 - GET - ::ffff:192.168.1.20
2025-05-12T09:03:55.587Z [ERROR]: Not Found - /api/user/profile?mobile=9882724552 - /api/user/profile?mobile=9882724552 - GET - ::ffff:192.168.1.20
2025-05-12T09:04:09.781Z [ERROR]: Not Found - /api/user/profile?mobile=9882724552 - /api/user/profile?mobile=9882724552 - GET - ::ffff:192.168.1.20
2025-05-12T09:05:46.986Z [ERROR]: Cannot read properties of null (reading '_id') - /api/users/profile - PUT - ::1
2025-05-12T09:05:54.060Z [ERROR]: Not Found - /api/user/profile?mobile=9882724552 - /api/user/profile?mobile=9882724552 - GET - ::ffff:192.168.1.20
2025-05-12T09:05:56.152Z [ERROR]: Not Found - /api/user/profile?mobile=9882724552 - /api/user/profile?mobile=9882724552 - GET - ::ffff:192.168.1.20
2025-05-12T09:06:10.231Z [ERROR]: Not Found - /api/user/profile?mobile=9882724552 - /api/user/profile?mobile=9882724552 - GET - ::ffff:192.168.1.20
2025-05-12T09:06:11.803Z [ERROR]: Not Found - /api/user/profile?mobile=9882724552 - /api/user/profile?mobile=9882724552 - GET - ::ffff:192.168.1.20
2025-05-12T09:06:15.828Z [ERROR]: Not Found - /api/user/profile?mobile=9882724552 - /api/user/profile?mobile=9882724552 - GET - ::ffff:192.168.1.20
2025-05-12T09:07:01.560Z [ERROR]: Not Found - /api/user/profile?mobile=9882724552 - /api/user/profile?mobile=9882724552 - GET - ::ffff:192.168.1.20
2025-05-12T09:07:37.132Z [ERROR]: Not Found - /api/user/profile?mobile=9882724552 - /api/user/profile?mobile=9882724552 - GET - ::ffff:192.168.1.20
2025-05-12T09:07:42.503Z [ERROR]: Not Found - /api/user/profile?mobile=9882724552 - /api/user/profile?mobile=9882724552 - GET - ::ffff:192.168.1.20
2025-05-12T09:07:49.956Z [ERROR]: Not Found - /api/user/profile?mobile=9882724552 - /api/user/profile?mobile=9882724552 - GET - ::ffff:192.168.1.20
2025-05-12T09:08:09.842Z [ERROR]: Not Found - /api/user/profile?mobile=9882724552 - /api/user/profile?mobile=9882724552 - GET - ::ffff:192.168.1.20
2025-05-12T09:08:17.148Z [ERROR]: Not Found - /api/user/profile?mobile=9882724552 - /api/user/profile?mobile=9882724552 - GET - ::ffff:192.168.1.20
2025-05-12T09:08:28.959Z [ERROR]: Not Found - /api/user/profile?mobile=9882724552 - /api/user/profile?mobile=9882724552 - GET - ::ffff:192.168.1.20
2025-05-12T09:08:36.138Z [ERROR]: Not Found - /api/user/profile?mobile=9882724552 - /api/user/profile?mobile=9882724552 - GET - ::ffff:192.168.1.20
2025-05-12T09:08:39.359Z [ERROR]: Not Found - /api/user/profile?mobile=9882724552 - /api/user/profile?mobile=9882724552 - GET - ::ffff:192.168.1.20
2025-05-12T09:09:15.109Z [ERROR]: Not Found - /api/user/profile?mobile=9882724552 - /api/user/profile?mobile=9882724552 - GET - ::ffff:192.168.1.20
2025-05-12T09:09:23.586Z [ERROR]: Not Found - /api/salon/nearby?latitude=26.804199&longitude=75.858655&maxDistance=200&minRate=0&maxRate=100000&sortBy=distance&sortOrder=asc&minReviewCount=0&minRating=0 - /api/salon/nearby?latitude=26.804199&longitude=75.858655&maxDistance=200&minRate=0&maxRate=100000&sortBy=distance&sortOrder=asc&minReviewCount=0&minRating=0 - GET - ::ffff:192.168.1.20
2025-05-12T09:09:24.186Z [ERROR]: Not Found - /api/salon/mostreview?latitude=26.804199&longitude=75.858655 - /api/salon/mostreview?latitude=26.804199&longitude=75.858655 - GET - ::ffff:192.168.1.20
2025-05-12T09:09:24.468Z [ERROR]: Not Found - /api/salon/mostreview?latitude=26.799827&longitude=75.8698446 - /api/salon/mostreview?latitude=26.799827&longitude=75.8698446 - GET - ::ffff:192.168.1.20
2025-05-12T09:09:24.470Z [ERROR]: Not Found - /api/salon/nearby?latitude=26.799827&longitude=75.8698446&maxDistance=200&minRate=0&maxRate=100000&sortBy=distance&sortOrder=asc&minReviewCount=0&minRating=0 - /api/salon/nearby?latitude=26.799827&longitude=75.8698446&maxDistance=200&minRate=0&maxRate=100000&sortBy=distance&sortOrder=asc&minReviewCount=0&minRating=0 - GET - ::ffff:192.168.1.20
2025-05-12T09:11:51.774Z [INFO]: Server running on port 4080
2025-05-12T09:11:52.598Z [INFO]: Connected to MongoDB
2025-05-12T09:11:59.411Z [ERROR]: Not Found - /api/salon/nearby?latitude=26.804199&longitude=75.858655&maxDistance=200&minRate=0&maxRate=100000&sortBy=distance&sortOrder=asc&minReviewCount=0&minRating=0 - /api/salon/nearby?latitude=26.804199&longitude=75.858655&maxDistance=200&minRate=0&maxRate=100000&sortBy=distance&sortOrder=asc&minReviewCount=0&minRating=0 - GET - ::ffff:192.168.1.20
2025-05-12T09:11:59.436Z [ERROR]: Not Found - /api/salon/mostreview?latitude=26.804199&longitude=75.858655 - /api/salon/mostreview?latitude=26.804199&longitude=75.858655 - GET - ::ffff:192.168.1.20
2025-05-12T09:12:03.360Z [ERROR]: Not Found - /api/salon/nearby?latitude=26.7998532&longitude=75.8696789&maxDistance=200&minRate=0&maxRate=100000&sortBy=distance&sortOrder=asc&minReviewCount=0&minRating=0 - /api/salon/nearby?latitude=26.7998532&longitude=75.8696789&maxDistance=200&minRate=0&maxRate=100000&sortBy=distance&sortOrder=asc&minReviewCount=0&minRating=0 - GET - ::ffff:192.168.1.20
2025-05-12T09:12:03.371Z [ERROR]: Not Found - /api/salon/mostreview?latitude=26.7998532&longitude=75.8696789 - /api/salon/mostreview?latitude=26.7998532&longitude=75.8696789 - GET - ::ffff:192.168.1.20
2025-05-12T09:12:35.353Z [ERROR]: Not Found - /api/salon/mostreview?latitude=26.804199&longitude=75.858655 - /api/salon/mostreview?latitude=26.804199&longitude=75.858655 - GET - ::ffff:192.168.1.20
2025-05-12T09:12:35.359Z [ERROR]: Not Found - /api/salon/nearby?latitude=26.804199&longitude=75.858655&maxDistance=200&minRate=0&maxRate=100000&sortBy=distance&sortOrder=asc&minReviewCount=0&minRating=0 - /api/salon/nearby?latitude=26.804199&longitude=75.858655&maxDistance=200&minRate=0&maxRate=100000&sortBy=distance&sortOrder=asc&minReviewCount=0&minRating=0 - GET - ::ffff:192.168.1.20
2025-05-12T09:12:36.887Z [ERROR]: Not Found - /api/salon/nearby?latitude=26.7998532&longitude=75.8696789&maxDistance=200&minRate=0&maxRate=100000&sortBy=distance&sortOrder=asc&minReviewCount=0&minRating=0 - /api/salon/nearby?latitude=26.7998532&longitude=75.8696789&maxDistance=200&minRate=0&maxRate=100000&sortBy=distance&sortOrder=asc&minReviewCount=0&minRating=0 - GET - ::ffff:192.168.1.20
2025-05-12T09:12:36.889Z [ERROR]: Not Found - /api/salon/mostreview?latitude=26.7998532&longitude=75.8696789 - /api/salon/mostreview?latitude=26.7998532&longitude=75.8696789 - GET - ::ffff:192.168.1.20
2025-05-12T09:12:43.215Z [ERROR]: Not Found - /api/salon/nearby?latitude=26.7998532&longitude=75.8696789&maxDistance=200&minRate=0&maxRate=100000&sortBy=distance&sortOrder=asc&minReviewCount=0&minRating=0 - /api/salon/nearby?latitude=26.7998532&longitude=75.8696789&maxDistance=200&minRate=0&maxRate=100000&sortBy=distance&sortOrder=asc&minReviewCount=0&minRating=0 - GET - ::ffff:192.168.1.20
2025-05-12T09:12:43.536Z [ERROR]: Not Found - /api/salon/mostreview?latitude=26.7998532&longitude=75.8696789 - /api/salon/mostreview?latitude=26.7998532&longitude=75.8696789 - GET - ::ffff:192.168.1.20
2025-05-12T09:12:44.007Z [ERROR]: Not Found - /api/user/user-info - /api/user/user-info - GET - ::ffff:192.168.1.20
2025-05-12T09:16:03.212Z [INFO]: Server running on port 4080
2025-05-12T09:16:04.308Z [INFO]: Connected to MongoDB
2025-05-12T09:16:12.853Z [ERROR]: Cannot read properties of null (reading '_id') - /api/users/profile - PUT - ::1
2025-05-12T09:19:11.242Z [ERROR]: Not authorized, no token - /api/users/profile?mobile=8555888858 - GET - ::ffff:192.168.1.20
2025-05-12T09:20:14.509Z [ERROR]: Cannot read properties of null (reading '_id') - /api/users/profile - PUT - ::1
2025-05-12T09:21:35.862Z [INFO]: Server running on port 4080
2025-05-12T09:21:36.678Z [INFO]: Connected to MongoDB
2025-05-12T09:21:40.644Z [ERROR]: Cannot read properties of null (reading 'id') - /api/users/profile - PUT - ::1
2025-05-12T09:21:47.906Z [ERROR]: Cannot read properties of null (reading 'id') - /api/users/profile - PUT - ::1
2025-05-12T09:21:49.113Z [ERROR]: Cannot read properties of null (reading 'id') - /api/users/profile - PUT - ::1
2025-05-12T09:22:40.869Z [INFO]: User profile updated: 68219384fc44d686f8e63feb
2025-05-12T09:24:39.032Z [ERROR]: Not authorized, no token - /api/users/profile?mobile=8555888858 - GET - ::ffff:192.168.1.20
2025-05-12T09:24:45.340Z [ERROR]: Not authorized, no token - /api/users/profile?mobile=8555888858 - GET - ::ffff:192.168.1.20
2025-05-12T09:24:51.576Z [ERROR]: Not authorized, no token - /api/users/profile?mobile=8555888858 - GET - ::ffff:192.168.1.20
2025-05-12T09:25:17.159Z [ERROR]: Not Found - /api/salon/mostreview?latitude=26.804199&longitude=75.858655 - /api/salon/mostreview?latitude=26.804199&longitude=75.858655 - GET - ::ffff:192.168.1.20
2025-05-12T09:25:17.163Z [ERROR]: Not Found - /api/salon/nearby?latitude=26.804199&longitude=75.858655&maxDistance=200&minRate=0&maxRate=100000&sortBy=distance&sortOrder=asc&minReviewCount=0&minRating=0 - /api/salon/nearby?latitude=26.804199&longitude=75.858655&maxDistance=200&minRate=0&maxRate=100000&sortBy=distance&sortOrder=asc&minReviewCount=0&minRating=0 - GET - ::ffff:192.168.1.20
2025-05-12T09:25:18.001Z [ERROR]: Not Found - /api/salon/mostreview?latitude=26.7998391&longitude=75.8697182 - /api/salon/mostreview?latitude=26.7998391&longitude=75.8697182 - GET - ::ffff:192.168.1.20
2025-05-12T09:25:18.003Z [ERROR]: Not Found - /api/salon/nearby?latitude=26.7998391&longitude=75.8697182&maxDistance=200&minRate=0&maxRate=100000&sortBy=distance&sortOrder=asc&minReviewCount=0&minRating=0 - /api/salon/nearby?latitude=26.7998391&longitude=75.8697182&maxDistance=200&minRate=0&maxRate=100000&sortBy=distance&sortOrder=asc&minReviewCount=0&minRating=0 - GET - ::ffff:192.168.1.20
2025-05-12T09:26:27.081Z [ERROR]: Not Found - /api/salon/nearby?latitude=26.804199&longitude=75.858655&maxDistance=200&minRate=0&maxRate=100000&sortBy=distance&sortOrder=asc&minReviewCount=0&minRating=0 - /api/salon/nearby?latitude=26.804199&longitude=75.858655&maxDistance=200&minRate=0&maxRate=100000&sortBy=distance&sortOrder=asc&minReviewCount=0&minRating=0 - GET - ::ffff:192.168.1.20
2025-05-12T09:26:27.089Z [ERROR]: Not Found - /api/salon/mostreview?latitude=26.804199&longitude=75.858655 - /api/salon/mostreview?latitude=26.804199&longitude=75.858655 - GET - ::ffff:192.168.1.20
2025-05-12T09:26:28.646Z [ERROR]: Not Found - /api/salon/nearby?latitude=26.7998391&longitude=75.8697182&maxDistance=200&minRate=0&maxRate=100000&sortBy=distance&sortOrder=asc&minReviewCount=0&minRating=0 - /api/salon/nearby?latitude=26.7998391&longitude=75.8697182&maxDistance=200&minRate=0&maxRate=100000&sortBy=distance&sortOrder=asc&minReviewCount=0&minRating=0 - GET - ::ffff:192.168.1.20
2025-05-12T09:26:28.808Z [ERROR]: Not Found - /api/salon/mostreview?latitude=26.7998391&longitude=75.8697182 - /api/salon/mostreview?latitude=26.7998391&longitude=75.8697182 - GET - ::ffff:192.168.1.20
2025-05-12T09:26:55.206Z [ERROR]: Not Found - /api/salon/nearby?latitude=26.7998391&longitude=75.8697182&maxDistance=200&minRate=0&maxRate=100000&sortBy=distance&sortOrder=asc&minReviewCount=0&minRating=0 - /api/salon/nearby?latitude=26.7998391&longitude=75.8697182&maxDistance=200&minRate=0&maxRate=100000&sortBy=distance&sortOrder=asc&minReviewCount=0&minRating=0 - GET - ::ffff:192.168.1.20
2025-05-12T09:26:55.420Z [ERROR]: Not Found - /api/salon/mostreview?latitude=26.7998391&longitude=75.8697182 - /api/salon/mostreview?latitude=26.7998391&longitude=75.8697182 - GET - ::ffff:192.168.1.20
2025-05-12T09:26:55.740Z [ERROR]: Cannot read properties of null (reading '_id') - /api/users/profile - GET - ::ffff:192.168.1.20
2025-05-12T09:28:10.015Z [ERROR]: Not Found - /api/salon/mostreview?latitude=26.7998391&longitude=75.8697182 - /api/salon/mostreview?latitude=26.7998391&longitude=75.8697182 - GET - ::ffff:192.168.1.20
2025-05-12T09:28:10.033Z [ERROR]: Not Found - /api/salon/nearby?latitude=26.7998391&longitude=75.8697182&maxDistance=200&minRate=0&maxRate=100000&sortBy=distance&sortOrder=asc&minReviewCount=0&minRating=0 - /api/salon/nearby?latitude=26.7998391&longitude=75.8697182&maxDistance=200&minRate=0&maxRate=100000&sortBy=distance&sortOrder=asc&minReviewCount=0&minRating=0 - GET - ::ffff:192.168.1.20
2025-05-12T09:28:19.669Z [ERROR]: Not Found - /api/salon/nearby?latitude=26.7998391&longitude=75.8697182&maxDistance=200&minRate=0&maxRate=100000&sortBy=distance&sortOrder=asc&minReviewCount=0&minRating=0 - /api/salon/nearby?latitude=26.7998391&longitude=75.8697182&maxDistance=200&minRate=0&maxRate=100000&sortBy=distance&sortOrder=asc&minReviewCount=0&minRating=0 - GET - ::ffff:192.168.1.20
2025-05-12T09:28:19.672Z [ERROR]: Not Found - /api/salon/mostreview?latitude=26.7998391&longitude=75.8697182 - /api/salon/mostreview?latitude=26.7998391&longitude=75.8697182 - GET - ::ffff:192.168.1.20
2025-05-12T09:28:28.305Z [ERROR]: Not Found - /api/salon/mostreview?latitude=26.7998391&longitude=75.8697182 - /api/salon/mostreview?latitude=26.7998391&longitude=75.8697182 - GET - ::ffff:192.168.1.20
2025-05-12T09:28:28.309Z [ERROR]: Not Found - /api/salon/nearby?latitude=26.7998391&longitude=75.8697182&maxDistance=200&minRate=0&maxRate=100000&sortBy=distance&sortOrder=asc&minReviewCount=0&minRating=0 - /api/salon/nearby?latitude=26.7998391&longitude=75.8697182&maxDistance=200&minRate=0&maxRate=100000&sortBy=distance&sortOrder=asc&minReviewCount=0&minRating=0 - GET - ::ffff:192.168.1.20
2025-05-12T09:28:39.000Z [ERROR]: Not Found - /api/salon/mostreview?latitude=26.7998391&longitude=75.8697182 - /api/salon/mostreview?latitude=26.7998391&longitude=75.8697182 - GET - ::ffff:192.168.1.20
2025-05-12T09:28:39.006Z [ERROR]: Not Found - /api/salon/nearby?latitude=26.7998391&longitude=75.8697182&maxDistance=200&minRate=0&maxRate=100000&sortBy=distance&sortOrder=asc&minReviewCount=0&minRating=0 - /api/salon/nearby?latitude=26.7998391&longitude=75.8697182&maxDistance=200&minRate=0&maxRate=100000&sortBy=distance&sortOrder=asc&minReviewCount=0&minRating=0 - GET - ::ffff:192.168.1.20
2025-05-12T09:28:43.220Z [ERROR]: Not Found - /api/salon/nearby?latitude=26.7998391&longitude=75.8697182&maxDistance=200&minRate=0&maxRate=100000&sortBy=distance&sortOrder=asc&minReviewCount=0&minRating=0 - /api/salon/nearby?latitude=26.7998391&longitude=75.8697182&maxDistance=200&minRate=0&maxRate=100000&sortBy=distance&sortOrder=asc&minReviewCount=0&minRating=0 - GET - ::ffff:192.168.1.20
2025-05-12T09:28:43.221Z [ERROR]: Not Found - /api/salon/mostreview?latitude=26.7998391&longitude=75.8697182 - /api/salon/mostreview?latitude=26.7998391&longitude=75.8697182 - GET - ::ffff:192.168.1.20
2025-05-12T09:28:48.930Z [ERROR]: Not Found - /api/salon/nearby?latitude=26.7998391&longitude=75.8697182&maxDistance=200&minRate=0&maxRate=100000&sortBy=distance&sortOrder=asc&minReviewCount=0&minRating=0 - /api/salon/nearby?latitude=26.7998391&longitude=75.8697182&maxDistance=200&minRate=0&maxRate=100000&sortBy=distance&sortOrder=asc&minReviewCount=0&minRating=0 - GET - ::ffff:192.168.1.20
2025-05-12T09:28:48.957Z [ERROR]: Not Found - /api/salon/mostreview?latitude=26.7998391&longitude=75.8697182 - /api/salon/mostreview?latitude=26.7998391&longitude=75.8697182 - GET - ::ffff:192.168.1.20
2025-05-12T09:28:52.152Z [ERROR]: Not Found - /api/salon/nearby?latitude=26.7998391&longitude=75.8697182&maxDistance=200&minRate=0&maxRate=100000&sortBy=distance&sortOrder=asc&minReviewCount=0&minRating=0 - /api/salon/nearby?latitude=26.7998391&longitude=75.8697182&maxDistance=200&minRate=0&maxRate=100000&sortBy=distance&sortOrder=asc&minReviewCount=0&minRating=0 - GET - ::ffff:192.168.1.20
2025-05-12T09:28:52.252Z [ERROR]: Not Found - /api/salon/mostreview?latitude=26.7998391&longitude=75.8697182 - /api/salon/mostreview?latitude=26.7998391&longitude=75.8697182 - GET - ::ffff:192.168.1.20
2025-05-12T09:28:52.528Z [ERROR]: Cannot read properties of null (reading '_id') - /api/users/profile - GET - ::ffff:192.168.1.20
2025-05-12T09:29:14.189Z [ERROR]: Not Found - /api/salon/mostreview?latitude=26.7998391&longitude=75.8697182 - /api/salon/mostreview?latitude=26.7998391&longitude=75.8697182 - GET - ::ffff:192.168.1.20
2025-05-12T09:29:14.191Z [ERROR]: Not Found - /api/salon/nearby?latitude=26.7998391&longitude=75.8697182&maxDistance=200&minRate=0&maxRate=100000&sortBy=distance&sortOrder=asc&minReviewCount=0&minRating=0 - /api/salon/nearby?latitude=26.7998391&longitude=75.8697182&maxDistance=200&minRate=0&maxRate=100000&sortBy=distance&sortOrder=asc&minReviewCount=0&minRating=0 - GET - ::ffff:192.168.1.20
2025-05-12T09:29:16.103Z [ERROR]: Not Found - /api/salon/nearby?latitude=26.7998391&longitude=75.8697182&maxDistance=200&minRate=0&maxRate=100000&sortBy=distance&sortOrder=asc&minReviewCount=0&minRating=0 - /api/salon/nearby?latitude=26.7998391&longitude=75.8697182&maxDistance=200&minRate=0&maxRate=100000&sortBy=distance&sortOrder=asc&minReviewCount=0&minRating=0 - GET - ::ffff:192.168.1.20
2025-05-12T09:29:16.106Z [ERROR]: Not Found - /api/salon/mostreview?latitude=26.7998391&longitude=75.8697182 - /api/salon/mostreview?latitude=26.7998391&longitude=75.8697182 - GET - ::ffff:192.168.1.20
2025-05-12T09:29:26.665Z [ERROR]: Not Found - /api/salon/mostreview?latitude=26.7998391&longitude=75.8697182 - /api/salon/mostreview?latitude=26.7998391&longitude=75.8697182 - GET - ::ffff:192.168.1.20
2025-05-12T09:29:26.667Z [ERROR]: Not Found - /api/salon/nearby?latitude=26.7998391&longitude=75.8697182&maxDistance=200&minRate=0&maxRate=100000&sortBy=distance&sortOrder=asc&minReviewCount=0&minRating=0 - /api/salon/nearby?latitude=26.7998391&longitude=75.8697182&maxDistance=200&minRate=0&maxRate=100000&sortBy=distance&sortOrder=asc&minReviewCount=0&minRating=0 - GET - ::ffff:192.168.1.20
2025-05-12T09:29:37.055Z [ERROR]: Not Found - /api/salon/nearby?latitude=26.7998391&longitude=75.8697182&maxDistance=200 - /api/salon/nearby?latitude=26.7998391&longitude=75.8697182&maxDistance=200 - GET - ::ffff:192.168.1.20
2025-05-12T09:30:18.942Z [ERROR]: Not Found - /api/salon/nearby?latitude=26.7998391&longitude=75.8697182&maxDistance=200&minRate=0&maxRate=100000&sortBy=distance&sortOrder=asc&minReviewCount=0&minRating=0 - /api/salon/nearby?latitude=26.7998391&longitude=75.8697182&maxDistance=200&minRate=0&maxRate=100000&sortBy=distance&sortOrder=asc&minReviewCount=0&minRating=0 - GET - ::ffff:192.168.1.20
2025-05-12T09:30:19.164Z [ERROR]: Not Found - /api/salon/mostreview?latitude=26.7998391&longitude=75.8697182 - /api/salon/mostreview?latitude=26.7998391&longitude=75.8697182 - GET - ::ffff:192.168.1.20
2025-05-12T09:30:19.321Z [ERROR]: Cannot read properties of null (reading '_id') - /api/users/profile - GET - ::ffff:192.168.1.20
2025-05-12T09:30:59.077Z [ERROR]: Not authorized, no token - /api/users/profile?mobile=7426991303 - GET - ::ffff:192.168.1.20
2025-05-12T09:33:41.229Z [ERROR]: Not authorized, no token - /api/users/profile?mobile=7426991303 - GET - ::ffff:192.168.1.20
2025-05-12T09:35:39.225Z [ERROR]: Not authorized, no token - /api/users/profile?mobile=7426991303 - GET - ::ffff:192.168.1.20
2025-05-12T09:37:36.937Z [ERROR]: Not Found - /api/salon/mostreview?latitude=26.7998391&longitude=75.8697182 - /api/salon/mostreview?latitude=26.7998391&longitude=75.8697182 - GET - ::ffff:192.168.1.20
2025-05-12T09:37:37.053Z [ERROR]: Not Found - /api/salon/nearby?latitude=26.7998391&longitude=75.8697182&maxDistance=200&minRate=0&maxRate=100000&sortBy=distance&sortOrder=asc&minReviewCount=0&minRating=0 - /api/salon/nearby?latitude=26.7998391&longitude=75.8697182&maxDistance=200&minRate=0&maxRate=100000&sortBy=distance&sortOrder=asc&minReviewCount=0&minRating=0 - GET - ::ffff:192.168.1.20
2025-05-12T09:37:51.423Z [ERROR]: Not Found - /api/booking/user/undefined - /api/booking/user/undefined - GET - ::ffff:192.168.1.20
2025-05-12T09:37:56.122Z [ERROR]: Not Found - /api/booking/user/undefined - /api/booking/user/undefined - GET - ::ffff:192.168.1.20
2025-05-12T09:39:23.114Z [ERROR]: Not Found - /api/salon/nearby?latitude=26.804199&longitude=75.858655&maxDistance=200&minRate=0&maxRate=100000&sortBy=distance&sortOrder=asc&minReviewCount=0&minRating=0 - /api/salon/nearby?latitude=26.804199&longitude=75.858655&maxDistance=200&minRate=0&maxRate=100000&sortBy=distance&sortOrder=asc&minReviewCount=0&minRating=0 - GET - ::ffff:192.168.1.20
2025-05-12T09:39:23.116Z [ERROR]: Not Found - /api/salon/mostreview?latitude=26.804199&longitude=75.858655 - /api/salon/mostreview?latitude=26.804199&longitude=75.858655 - GET - ::ffff:192.168.1.20
2025-05-12T09:39:24.450Z [ERROR]: Not Found - /api/salon/nearby?latitude=26.7998391&longitude=75.8697182&maxDistance=200&minRate=0&maxRate=100000&sortBy=distance&sortOrder=asc&minReviewCount=0&minRating=0 - /api/salon/nearby?latitude=26.7998391&longitude=75.8697182&maxDistance=200&minRate=0&maxRate=100000&sortBy=distance&sortOrder=asc&minReviewCount=0&minRating=0 - GET - ::ffff:192.168.1.20
2025-05-12T09:39:24.452Z [ERROR]: Not Found - /api/salon/mostreview?latitude=26.7998391&longitude=75.8697182 - /api/salon/mostreview?latitude=26.7998391&longitude=75.8697182 - GET - ::ffff:192.168.1.20
2025-05-12T09:41:21.718Z [ERROR]: Not Found - /api/salon/mostreview?latitude=26.7998391&longitude=75.8697182 - /api/salon/mostreview?latitude=26.7998391&longitude=75.8697182 - GET - ::ffff:192.168.1.20
2025-05-12T09:41:21.724Z [ERROR]: Not Found - /api/salon/nearby?latitude=26.7998391&longitude=75.8697182&maxDistance=200&minRate=0&maxRate=100000&sortBy=distance&sortOrder=asc&minReviewCount=0&minRating=0 - /api/salon/nearby?latitude=26.7998391&longitude=75.8697182&maxDistance=200&minRate=0&maxRate=100000&sortBy=distance&sortOrder=asc&minReviewCount=0&minRating=0 - GET - ::ffff:192.168.1.20
2025-05-12T09:42:54.001Z [ERROR]: Not Found - /api/salon/mostreview?latitude=26.7998391&longitude=75.8697182 - /api/salon/mostreview?latitude=26.7998391&longitude=75.8697182 - GET - ::ffff:192.168.1.20
2025-05-12T09:42:54.019Z [ERROR]: Not Found - /api/salon/nearby?latitude=26.7998391&longitude=75.8697182&maxDistance=200&minRate=0&maxRate=100000&sortBy=distance&sortOrder=asc&minReviewCount=0&minRating=0 - /api/salon/nearby?latitude=26.7998391&longitude=75.8697182&maxDistance=200&minRate=0&maxRate=100000&sortBy=distance&sortOrder=asc&minReviewCount=0&minRating=0 - GET - ::ffff:192.168.1.20
2025-05-12T09:44:05.927Z [ERROR]: Not authorized, no token - /api/users/profile?mobile=9868686854 - GET - ::ffff:192.168.1.20
2025-05-12T09:44:32.355Z [ERROR]: Not authorized, no token - /api/users/profile - PUT - ::ffff:192.168.1.20
2025-05-12T09:44:36.777Z [ERROR]: Not authorized, no token - /api/users/profile - PUT - ::ffff:192.168.1.20
2025-05-12T09:45:15.833Z [ERROR]: Not authorized, no token - /api/users/profile?mobile=9868686854 - GET - ::ffff:192.168.1.20
2025-05-12T09:45:19.214Z [ERROR]: Not authorized, no token - /api/users/profile?mobile=9868686854 - GET - ::ffff:192.168.1.20
2025-05-12T09:45:28.690Z [ERROR]: Not authorized, no token - /api/users/profile?mobile=9868686854 - GET - ::ffff:192.168.1.20
2025-05-12T09:45:50.604Z [ERROR]: Not authorized, no token - /api/users/profile?mobile=9868686854 - GET - ::ffff:192.168.1.20
2025-05-12T09:45:51.568Z [ERROR]: Not authorized, no token - /api/users/profile?mobile=9868686854 - GET - ::ffff:192.168.1.20
2025-05-12T09:45:54.070Z [ERROR]: Not authorized, no token - /api/users/profile?mobile=9868686854 - GET - ::ffff:192.168.1.20
2025-05-12T09:46:20.861Z [ERROR]: Not authorized, no token - /api/users/profile - PUT - ::ffff:192.168.1.20
2025-05-12T09:46:21.510Z [ERROR]: Not authorized, no token - /api/users/profile?mobile=9868686854 - GET - ::ffff:192.168.1.20
2025-05-12T09:46:23.725Z [ERROR]: Not authorized, no token - /api/users/profile - PUT - ::ffff:192.168.1.20
2025-05-12T09:46:30.597Z [ERROR]: Not authorized, no token - /api/users/profile?mobile=9868686854 - GET - ::ffff:192.168.1.20
2025-05-12T09:46:36.933Z [ERROR]: Not authorized, no token - /api/users/profile?mobile=9868686854 - GET - ::ffff:192.168.1.20
2025-05-12T09:46:37.957Z [ERROR]: Not authorized, no token - /api/users/profile - PUT - ::ffff:192.168.1.20
2025-05-12T09:52:33.472Z [ERROR]: Not authorized, no token - /api/users/profile?mobile=9868686854 - GET - ::ffff:192.168.1.20
2025-05-12T09:52:34.659Z [ERROR]: Not authorized, no token - /api/users/profile?mobile=9868686854 - GET - ::ffff:192.168.1.20
2025-05-12T09:52:39.313Z [ERROR]: Not authorized, no token - /api/users/profile?mobile=9868686854 - GET - ::ffff:192.168.1.20
2025-05-12T09:52:48.420Z [ERROR]: Not authorized, no token - /api/users/profile?mobile=9868686854 - GET - ::ffff:192.168.1.20
2025-05-12T09:52:49.411Z [ERROR]: Not authorized, no token - /api/users/profile?mobile=9868686854 - GET - ::ffff:192.168.1.20
2025-05-12T09:52:53.009Z [ERROR]: Not authorized, no token - /api/users/profile?mobile=9868686854 - GET - ::ffff:192.168.1.20
2025-05-12T09:53:44.203Z [ERROR]: Not authorized, no token - /api/users/profile?mobile=9868686854 - GET - ::ffff:192.168.1.20
2025-05-12T09:53:50.114Z [ERROR]: Not authorized, no token - /api/users/profile?mobile=9868686854 - GET - ::ffff:192.168.1.20
2025-05-12T09:53:58.741Z [ERROR]: Not authorized, no token - /api/users/profile?mobile=9868686854 - GET - ::ffff:192.168.1.20
2025-05-12T09:54:01.377Z [ERROR]: Not authorized, no token - /api/users/profile?mobile=9868686854 - GET - ::ffff:192.168.1.20
2025-05-12T09:54:14.983Z [ERROR]: Not Found - /api/salon/mostreview?latitude=26.804199&longitude=75.858655 - /api/salon/mostreview?latitude=26.804199&longitude=75.858655 - GET - ::ffff:192.168.1.20
2025-05-12T09:54:14.984Z [ERROR]: Not Found - /api/salon/nearby?latitude=26.804199&longitude=75.858655&maxDistance=200&minRate=0&maxRate=100000&sortBy=distance&sortOrder=asc&minReviewCount=0&minRating=0 - /api/salon/nearby?latitude=26.804199&longitude=75.858655&maxDistance=200&minRate=0&maxRate=100000&sortBy=distance&sortOrder=asc&minReviewCount=0&minRating=0 - GET - ::ffff:192.168.1.20
2025-05-12T09:54:15.446Z [ERROR]: Not Found - /api/salon/mostreview?latitude=26.7998391&longitude=75.8697182 - /api/salon/mostreview?latitude=26.7998391&longitude=75.8697182 - GET - ::ffff:192.168.1.20
2025-05-12T09:54:15.448Z [ERROR]: Not Found - /api/salon/nearby?latitude=26.7998391&longitude=75.8697182&maxDistance=200&minRate=0&maxRate=100000&sortBy=distance&sortOrder=asc&minReviewCount=0&minRating=0 - /api/salon/nearby?latitude=26.7998391&longitude=75.8697182&maxDistance=200&minRate=0&maxRate=100000&sortBy=distance&sortOrder=asc&minReviewCount=0&minRating=0 - GET - ::ffff:192.168.1.20
2025-05-12T10:03:23.824Z [ERROR]: Not authorized, no token - /api/users/profile?mobile=9868656589 - GET - ::ffff:192.168.1.20
2025-05-12T10:03:46.170Z [INFO]: User profile updated: 6821c76bca80f680ba534512
2025-05-12T10:03:50.467Z [INFO]: User profile updated: 6821c76bca80f680ba534512
2025-05-12T10:05:33.578Z [ERROR]: Not authorized, no token - /api/users/profile - GET - ::ffff:192.168.1.20
2025-05-12T10:08:07.877Z [INFO]: User profile updated: 6821c76bca80f680ba534512
2025-05-12T10:10:21.754Z [INFO]: User profile updated: 6821c76bca80f680ba534512
2025-05-12T10:10:31.370Z [INFO]: User profile updated: 6821c76bca80f680ba534512
2025-05-12T10:10:39.156Z [INFO]: User profile updated: 6821c76bca80f680ba534512
2025-05-12T10:10:55.464Z [INFO]: User profile updated: 6821c76bca80f680ba534512
2025-05-12T10:13:50.177Z [INFO]: User profile updated: 6821c76bca80f680ba534512
2025-05-12T10:35:02.124Z [INFO]: User profile updated: 6821c76bca80f680ba534512
2025-05-12T10:35:04.149Z [ERROR]: Not Found - /api/salon/nearby?latitude=26.7998391&longitude=75.8697182&maxDistance=200&minRate=0&maxRate=100000&sortBy=distance&sortOrder=asc&minReviewCount=0&minRating=0 - /api/salon/nearby?latitude=26.7998391&longitude=75.8697182&maxDistance=200&minRate=0&maxRate=100000&sortBy=distance&sortOrder=asc&minReviewCount=0&minRating=0 - GET - ::ffff:192.168.1.20
2025-05-12T10:35:04.158Z [ERROR]: Not Found - /api/salon/mostreview?latitude=26.7998391&longitude=75.8697182 - /api/salon/mostreview?latitude=26.7998391&longitude=75.8697182 - GET - ::ffff:192.168.1.20
2025-05-12T10:37:06.145Z [INFO]: User profile updated: 6821cefdca80f680ba53456c
2025-05-12T10:37:50.503Z [INFO]: User profile updated: 6821cefdca80f680ba53456c
2025-05-12T10:38:16.692Z [INFO]: User profile updated: 6821cefdca80f680ba53456c
2025-05-12T10:38:20.997Z [INFO]: User profile updated: 6821cefdca80f680ba53456c
2025-05-12T10:38:27.595Z [INFO]: User profile updated: 6821cefdca80f680ba53456c
2025-05-12T10:38:40.337Z [INFO]: User profile updated: 6821cefdca80f680ba53456c
2025-05-12T10:39:24.406Z [INFO]: User profile updated: 6821cefdca80f680ba53456c
2025-05-12T10:39:26.539Z [INFO]: User profile updated: 6821cefdca80f680ba53456c
2025-05-12T10:39:29.170Z [INFO]: User profile updated: 6821cefdca80f680ba53456c
2025-05-12T10:39:30.108Z [INFO]: User profile updated: 6821cefdca80f680ba53456c
2025-05-12T10:39:31.508Z [INFO]: User profile updated: 6821cefdca80f680ba53456c
2025-05-12T10:39:38.999Z [INFO]: User profile updated: 6821cefdca80f680ba53456c
2025-05-12T10:41:59.782Z [INFO]: User profile updated: 6821cefdca80f680ba53456c
2025-05-12T10:42:28.262Z [INFO]: User profile updated: 6821cefdca80f680ba53456c
2025-05-12T10:42:52.578Z [INFO]: User profile updated: 6821cefdca80f680ba53456c
2025-05-12T10:43:10.468Z [INFO]: User profile updated: 6821cefdca80f680ba53456c
2025-05-12T10:43:38.329Z [INFO]: User profile updated: 6821cefdca80f680ba53456c
2025-05-12T10:47:29.622Z [INFO]: User profile updated: 6821cefdca80f680ba53456c
2025-05-12T10:47:55.265Z [INFO]: User profile updated: 6821cefdca80f680ba53456c
2025-05-12T10:48:23.170Z [INFO]: User profile updated: 6821cefdca80f680ba53456c
2025-05-12T10:48:25.239Z [ERROR]: Not Found - /api/salon/nearby?latitude=26.7998391&longitude=75.8697182&maxDistance=200&minRate=0&maxRate=100000&sortBy=distance&sortOrder=asc&minReviewCount=0&minRating=0 - /api/salon/nearby?latitude=26.7998391&longitude=75.8697182&maxDistance=200&minRate=0&maxRate=100000&sortBy=distance&sortOrder=asc&minReviewCount=0&minRating=0 - GET - ::ffff:192.168.1.20
2025-05-12T10:48:25.248Z [ERROR]: Not Found - /api/salon/mostreview?latitude=26.7998391&longitude=75.8697182 - /api/salon/mostreview?latitude=26.7998391&longitude=75.8697182 - GET - ::ffff:192.168.1.20
2025-05-12T10:53:58.262Z [ERROR]: Not Found - /api/salon/mostreview?latitude=26.7998391&longitude=75.8697182 - /api/salon/mostreview?latitude=26.7998391&longitude=75.8697182 - GET - ::ffff:192.168.1.20
2025-05-12T10:53:58.264Z [ERROR]: Not Found - /api/salon/nearby?latitude=26.7998391&longitude=75.8697182&maxDistance=200&minRate=0&maxRate=100000&sortBy=distance&sortOrder=asc&minReviewCount=0&minRating=0 - /api/salon/nearby?latitude=26.7998391&longitude=75.8697182&maxDistance=200&minRate=0&maxRate=100000&sortBy=distance&sortOrder=asc&minReviewCount=0&minRating=0 - GET - ::ffff:192.168.1.20
2025-05-12T10:54:12.505Z [ERROR]: Not Found - /api/salon/nearby?latitude=26.7998391&longitude=75.8697182&maxDistance=200&minRate=0&maxRate=100000&sortBy=distance&sortOrder=asc&minReviewCount=0&minRating=0 - /api/salon/nearby?latitude=26.7998391&longitude=75.8697182&maxDistance=200&minRate=0&maxRate=100000&sortBy=distance&sortOrder=asc&minReviewCount=0&minRating=0 - GET - ::ffff:192.168.1.20
2025-05-12T10:54:12.824Z [ERROR]: Not Found - /api/salon/mostreview?latitude=26.7998391&longitude=75.8697182 - /api/salon/mostreview?latitude=26.7998391&longitude=75.8697182 - GET - ::ffff:192.168.1.20
2025-05-12T10:54:18.757Z [ERROR]: Not Found - /api/salon/mostreview?latitude=26.7998391&longitude=75.8697182 - /api/salon/mostreview?latitude=26.7998391&longitude=75.8697182 - GET - ::ffff:192.168.1.20
2025-05-12T10:54:18.914Z [ERROR]: Not Found - /api/salon/nearby?latitude=26.7998391&longitude=75.8697182&maxDistance=200&minRate=0&maxRate=100000&sortBy=distance&sortOrder=asc&minReviewCount=0&minRating=0 - /api/salon/nearby?latitude=26.7998391&longitude=75.8697182&maxDistance=200&minRate=0&maxRate=100000&sortBy=distance&sortOrder=asc&minReviewCount=0&minRating=0 - GET - ::ffff:192.168.1.20
2025-05-12T10:54:25.842Z [ERROR]: Not Found - /api/salon/mostreview?latitude=26.7998391&longitude=75.8697182 - /api/salon/mostreview?latitude=26.7998391&longitude=75.8697182 - GET - ::ffff:192.168.1.20
2025-05-12T10:54:25.845Z [ERROR]: Not Found - /api/salon/nearby?latitude=26.7998391&longitude=75.8697182&maxDistance=200&minRate=0&maxRate=100000&sortBy=distance&sortOrder=asc&minReviewCount=0&minRating=0 - /api/salon/nearby?latitude=26.7998391&longitude=75.8697182&maxDistance=200&minRate=0&maxRate=100000&sortBy=distance&sortOrder=asc&minReviewCount=0&minRating=0 - GET - ::ffff:192.168.1.20
2025-05-12T11:34:18.432Z [ERROR]: Not Found - /api/salon/nearby?latitude=26.799861&longitude=75.8697191 - /api/salon/nearby?latitude=26.799861&longitude=75.8697191 - GET - ::ffff:192.168.1.20
2025-05-12T11:54:45.094Z [ERROR]: Not Found - /api/salon/nearby?latitude=26.799861&longitude=75.8697191 - /api/salon/nearby?latitude=26.799861&longitude=75.8697191 - GET - ::ffff:192.168.1.20
2025-05-12T11:54:45.297Z [ERROR]: Not Found - /api/booking/user/undefined - /api/booking/user/undefined - GET - ::ffff:192.168.1.20
2025-05-12T11:57:02.437Z [ERROR]: Not Found - /api/booking/user/undefined - /api/booking/user/undefined - GET - ::ffff:192.168.1.20
2025-05-12T12:06:36.123Z [ERROR]: Not Found - /api/salon/nearby?latitude=26.7998678&longitude=75.8697075 - /api/salon/nearby?latitude=26.7998678&longitude=75.8697075 - GET - ::ffff:192.168.1.20
2025-05-13T04:50:56.866Z [INFO]: Server running on port 4080
2025-05-13T04:50:57.475Z [INFO]: Connected to MongoDB
2025-05-13T05:02:07.735Z [INFO]: Server running on port 4080
2025-05-13T05:02:11.147Z [INFO]: Server running on port 4080
2025-05-13T05:02:12.497Z [INFO]: Connected to MongoDB
2025-05-13T05:02:48.236Z [INFO]: Server running on port 4080
2025-05-13T05:02:50.471Z [INFO]: Server running on port 4080
2025-05-13T05:02:51.004Z [INFO]: Connected to MongoDB
2025-05-13T05:03:56.297Z [INFO]: Server running on port 4080
2025-05-13T05:03:59.010Z [INFO]: Server running on port 4080
2025-05-13T05:03:59.840Z [INFO]: Connected to MongoDB
2025-05-13T05:06:08.847Z [INFO]: User profile updated: 6822d2e904b928dd7383714e
2025-05-13T05:06:57.417Z [INFO]: User profile updated: 6822d2e904b928dd7383714e
2025-05-13T05:21:27.922Z [INFO]: Server running on port 4080
2025-05-13T05:21:29.513Z [INFO]: Connected to MongoDB
2025-05-13T06:11:08.132Z [INFO]: User profile updated: 6822e1510a8ef2713a5f517f
2025-05-13T06:16:59.343Z [INFO]: Server running on port 4080
2025-05-13T06:17:00.100Z [INFO]: Connected to MongoDB
2025-05-13T06:17:09.859Z [INFO]: Server running on port 4080
2025-05-13T06:17:12.324Z [INFO]: Server running on port 4080
2025-05-13T06:17:17.085Z [INFO]: Server running on port 4080
2025-05-13T06:17:17.651Z [INFO]: Connected to MongoDB
2025-05-13T06:17:21.946Z [INFO]: Server running on port 4080
2025-05-13T06:17:23.465Z [INFO]: Connected to MongoDB
2025-05-13T06:17:25.486Z [INFO]: Server running on port 4080
2025-05-13T06:17:26.021Z [INFO]: Connected to MongoDB
2025-05-13T06:25:08.137Z [INFO]: New restaurant created: 6822e5c47983db2b0e7c3768
2025-05-13T06:28:08.094Z [INFO]: New restaurant created: 6822e6787983db2b0e7c3773
2025-05-13T06:38:58.804Z [INFO]: New restaurant created: 6822e9027983db2b0e7c3785
2025-05-13T07:01:34.282Z [ERROR]: Cast to ObjectId failed for value "restaurant_id_here" (type string) at path "_id" for model "Restaurant" - /api/menus - POST - ::1
2025-05-13T07:04:31.485Z [ERROR]: FoodItem validation failed: category: Cast to ObjectId failed for value "category_id_here" (type string) at path "category" because of "BSONError" - /api/menus - POST - ::1
2025-05-13T07:26:48.588Z [ERROR]: Not Found - /api/categories/categories - /api/categories/categories - POST - ::1
2025-05-13T07:28:01.711Z [ERROR]: Not Found - /api/categories/categories - /api/categories/categories - POST - ::1
2025-05-13T08:59:45.973Z [ERROR]: Not Found - /api/categories/categories - /api/categories/categories - POST - ::1
2025-05-13T09:03:12.552Z [ERROR]: Not authorized as an admin - /api/categories - POST - ::1
2025-05-13T09:04:14.579Z [ERROR]: Not authorized as an admin - /api/categories - POST - ::1
2025-05-13T09:09:28.713Z [INFO]: Server running on port 4080
2025-05-13T09:09:31.171Z [INFO]: Server running on port 4080
2025-05-13T09:09:31.869Z [INFO]: Connected to MongoDB
2025-05-13T09:13:18.402Z [INFO]: Server running on port 4080
2025-05-13T09:13:19.946Z [INFO]: Connected to MongoDB
2025-05-13T09:13:33.882Z [INFO]: Server running on port 4080
2025-05-13T09:13:34.837Z [INFO]: Connected to MongoDB
2025-05-13T09:13:44.643Z [INFO]: Server running on port 4080
2025-05-13T09:13:45.957Z [INFO]: Connected to MongoDB
2025-05-13T09:18:43.438Z [INFO]: Server running on port 4080
2025-05-13T09:18:44.077Z [INFO]: Connected to MongoDB
2025-05-13T09:20:07.076Z [INFO]: Server running on port 4080
2025-05-13T09:20:07.851Z [INFO]: Connected to MongoDB
2025-05-13T09:20:10.043Z [INFO]: Server running on port 4080
2025-05-13T09:20:10.690Z [INFO]: Connected to MongoDB
2025-05-13T09:37:31.240Z [INFO]: Server running on port 4080
2025-05-13T09:37:32.155Z [INFO]: Connected to MongoDB
2025-05-13T09:37:36.716Z [INFO]: Server running on port 4080
2025-05-13T09:37:37.261Z [INFO]: Connected to MongoDB
2025-05-13T09:38:02.506Z [INFO]: Server running on port 4080
2025-05-13T09:38:03.119Z [INFO]: Connected to MongoDB
2025-05-13T09:38:22.265Z [INFO]: Server running on port 4080
2025-05-13T09:38:26.161Z [INFO]: Connected to MongoDB
2025-05-13T09:39:49.332Z [INFO]: Server running on port 4080
2025-05-13T09:39:50.139Z [INFO]: Connected to MongoDB
2025-05-13T09:40:02.662Z [INFO]: Server running on port 4080
2025-05-13T09:40:03.186Z [INFO]: Connected to MongoDB
2025-05-13T10:33:50.402Z [INFO]: Server running on port 4080
2025-05-13T10:33:51.948Z [INFO]: Connected to MongoDB
2025-05-13T10:51:42.637Z [INFO]: Server running on port 4080
2025-05-13T10:51:45.275Z [INFO]: Server running on port 4080
2025-05-13T10:51:45.745Z [INFO]: Connected to MongoDB
2025-05-13T10:51:49.461Z [INFO]: Server running on port 4080
2025-05-13T10:51:50.099Z [INFO]: Connected to MongoDB
2025-05-13T10:51:52.552Z [INFO]: Server running on port 4080
2025-05-13T10:51:55.344Z [INFO]: Server running on port 4080
2025-05-13T10:51:56.193Z [INFO]: Connected to MongoDB
2025-05-13T10:58:20.462Z [ERROR]: Not Found - /api/categories - /api/categories - PUT - ::1
2025-05-13T11:35:05.084Z [INFO]: New food item created: 68232e6882d90d2543dcf2fe
2025-05-13T11:37:52.252Z [INFO]: Server running on port 4080
2025-05-13T11:37:55.714Z [INFO]: Server running on port 4080
2025-05-13T11:37:56.407Z [INFO]: Connected to MongoDB
2025-05-13T11:38:02.585Z [INFO]: Server running on port 4080
2025-05-13T11:38:05.491Z [INFO]: Server running on port 4080
2025-05-13T11:38:07.733Z [INFO]: Connected to MongoDB
2025-05-13T11:38:14.033Z [INFO]: Server running on port 4080
2025-05-13T11:38:16.520Z [INFO]: Server running on port 4080
2025-05-13T11:38:21.670Z [INFO]: Server running on port 4080
2025-05-13T11:38:25.824Z [INFO]: Server running on port 4080
2025-05-13T11:38:26.442Z [INFO]: Connected to MongoDB
2025-05-13T11:38:30.973Z [INFO]: Server running on port 4080
2025-05-13T11:38:34.405Z [INFO]: Server running on port 4080
2025-05-13T11:38:35.779Z [INFO]: Connected to MongoDB
2025-05-13T12:01:44.877Z [INFO]: User profile updated: 6823345be390ebe89b0ff78d
2025-05-13T12:52:53.564Z [INFO]: Server running on port 4080
2025-05-15T09:13:10.310Z [INFO]: Server running on port 4080
2025-05-15T09:13:12.139Z [INFO]: Connected to MongoDB
2025-05-15T09:20:12.594Z [INFO]: Server running on port 4080
2025-05-15T09:20:13.814Z [INFO]: Connected to MongoDB
2025-05-15T09:20:16.760Z [INFO]: Server running on port 4080
2025-05-15T09:20:18.866Z [INFO]: Connected to MongoDB
2025-05-15T09:20:37.285Z [INFO]: Server running on port 4080
2025-05-15T09:20:38.622Z [INFO]: Connected to MongoDB
2025-05-15T09:21:21.106Z [INFO]: Server running on port 4080
2025-05-15T09:21:23.433Z [INFO]: Connected to MongoDB
2025-05-15T09:26:30.451Z [ERROR]: Not Found - /api/cart/add - /api/cart/add - POST - ::1
2025-05-15T09:28:46.573Z [ERROR]: Cannot populate path `restaurant` because it is not in your schema. Set the `strictPopulate` option to false to override. - /api/cart - POST - ::1
2025-05-15T09:35:55.693Z [ERROR]: Cannot populate path `restaurant` because it is not in your schema. Set the `strictPopulate` option to false to override. - /api/cart - POST - ::1
2025-05-15T09:39:19.567Z [INFO]: Server running on port 4080
2025-05-15T09:39:27.216Z [INFO]: Server running on port 4080
2025-05-15T09:39:29.428Z [INFO]: Connected to MongoDB
2025-05-15T09:39:40.879Z [INFO]: Server running on port 4080
2025-05-15T09:39:42.137Z [INFO]: Connected to MongoDB
2025-05-15T09:39:47.825Z [ERROR]: Cart validation failed: restaurant: Path `restaurant` is required. - /api/cart - POST - ::1
2025-05-15T09:42:47.327Z [ERROR]: Cart validation failed: restaurant: Path `restaurant` is required. - /api/cart - POST - ::1
2025-05-15T09:43:33.123Z [INFO]: Server running on port 4080
2025-05-15T09:43:35.532Z [INFO]: Connected to MongoDB
2025-05-15T09:43:39.746Z [INFO]: Item added to cart: 6822d2e904b928dd7383714e - 68232e6882d90d2543dcf2fe
2025-05-15T09:44:25.549Z [ERROR]: Food item not found - /api/cart - POST - ::1
2025-05-15T09:46:04.217Z [INFO]: Item added to cart: 6822d2e904b928dd7383714e - 68232e6882d90d2543dcf2fe
2025-05-15T09:48:23.175Z [ERROR]: Not Found - /api/cart/update - /api/cart/update - PUT - ::1
2025-05-15T09:49:16.579Z [ERROR]: Not Found - /api/cart/update/68232e6882d90d2543dcf2fe - /api/cart/update/68232e6882d90d2543dcf2fe - PUT - ::1
2025-05-15T09:50:20.046Z [ERROR]: Not Found - /api/cart/update/68232e6882d90d2543dcf2fe - /api/cart/update/68232e6882d90d2543dcf2fe - PUT - ::1
2025-05-15T09:51:08.038Z [ERROR]: Not Found - /api/cart/update/:68232e6882d90d2543dcf2fe - /api/cart/update/:68232e6882d90d2543dcf2fe - PUT - ::1
2025-05-15T09:51:43.528Z [ERROR]: Not Found - /api/cart/68232e6882d90d2543dcf2fe - /api/cart/68232e6882d90d2543dcf2fe - PUT - ::1
2025-05-15T09:52:39.124Z [ERROR]: Not Found - /api/cart/6825b3cedbf6f8c7388361dd - /api/cart/6825b3cedbf6f8c7388361dd - PUT - ::1
2025-05-15T09:53:08.742Z [ERROR]: Not Found - /api/cart/update/6825b3cedbf6f8c7388361dd - /api/cart/update/6825b3cedbf6f8c7388361dd - PUT - ::1
2025-05-15T09:53:26.622Z [ERROR]: Not authorized, no token - /api/cart/6825b3cedbf6f8c7388361dd - PATCH - ::1
2025-05-15T09:53:45.193Z [ERROR]: Item not found in cart - /api/cart/6825b3cedbf6f8c7388361dd - PATCH - ::1
2025-05-15T09:54:06.417Z [ERROR]: Item not found in cart - /api/cart/6825b3cedbf6f8c7388361dd - PATCH - ::1
2025-05-15T09:54:44.973Z [ERROR]: Item not found in cart - /api/cart/6825b3cedbf6f8c7388361dd - PATCH - ::1
2025-05-15T09:56:13.867Z [ERROR]: Not Found - /api/cart/6825b3cedbf6f8c7388361dd - /api/cart/6825b3cedbf6f8c7388361dd - GET - ::1
2025-05-15T09:56:59.938Z [ERROR]: Item not found in cart - /api/cart/6825b3cedbf6f8c7388361dd - PATCH - ::1
2025-05-15T09:57:43.179Z [ERROR]: Item not found in cart - /api/cart/6825b3cedbf6f8c7388361dd - PATCH - ::1
2025-05-15T10:03:40.372Z [ERROR]: Item not found in cart - /api/cart/68232e6882d90d2543dcf2fe - PATCH - ::1
2025-05-15T10:03:49.422Z [ERROR]: Item not found in cart - /api/cart/68232e6882d90d2543dcf2fe - PATCH - ::1
2025-05-15T10:04:32.307Z [ERROR]: Not Found - /api/cart - /api/cart - PATCH - ::1
2025-05-15T10:04:50.392Z [ERROR]: Item not found in cart - /api/cart/update - PATCH - ::1
2025-05-15T10:09:01.545Z [ERROR]: Item not found in cart - /api/cart/6825b3cedbf6f8c7388361dd - PATCH - ::1
2025-05-15T10:18:14.333Z [INFO]: Server running on port 4080
2025-05-15T10:18:15.291Z [INFO]: Connected to MongoDB
2025-05-15T10:18:22.732Z [INFO]: Item added to cart: 6822d2e904b928dd7383714e - 68232e6882d90d2543dcf2fe
2025-05-15T10:18:49.129Z [ERROR]: Item not found in cart - /api/cart/68232e6882d90d2543dcf2fe - PATCH - ::1
2025-05-15T10:19:15.612Z [INFO]: Cart item updated: 6822d2e904b928dd7383714e - 6825bf6edf0d401fc136c602
2025-05-15T10:20:51.669Z [INFO]: Cart cleared: 6822d2e904b928dd7383714e
2025-05-15T10:23:10.878Z [ERROR]: Not authorized, no token - /api/cart - POST - ::1
2025-05-15T10:23:27.447Z [ERROR]: Not authorized, no token - /api/cart?Authorization=Bearer%20eyJhbGciOiJIUzI1NiIsInR5cCI6IkpXVCJ9.eyJpZCI6IjY4MjJkMmU5MDRiOTI4ZGQ3MzgzNzE0ZSIsImlhdCI6MTc0NzMwMTE1OCwiZXhwIjoxNzQ5ODkzMTU4fQ.EQKOMFr85A3bICyVOxFaOBFb3x7199hB4XshskYKlSo - POST - ::1
2025-05-15T10:25:21.097Z [INFO]: Item added to cart: 6822d2e904b928dd7383714e - 68232e6882d90d2543dcf2fe
2025-05-15T10:39:17.944Z [ERROR]: Cart validation failed: couponApplied: Cast to ObjectId failed for value "WELCOME10" (type string) at path "couponApplied" because of "BSONError" - /api/cart/apply-coupon - POST - ::1
2025-05-15T10:40:45.377Z [ERROR]: Cart validation failed: couponApplied: Cast to ObjectId failed for value "WELCOME10" (type string) at path "couponApplied" because of "BSONError" - /api/cart/apply-coupon - POST - ::1
2025-05-15T10:43:49.391Z [INFO]: Server running on port 4080
2025-05-15T10:43:50.834Z [INFO]: Connected to MongoDB
2025-05-15T10:45:49.397Z [ERROR]: Coupon is not defined - /api/cart/apply-coupon - POST - ::1
2025-05-15T11:05:48.233Z [INFO]: User profile updated: 68230fa7c644f9a2726ae901
2025-05-16T06:04:01.707Z [INFO]: Server running on port 4080
2025-05-16T06:04:03.577Z [INFO]: Connected to MongoDB
2025-05-16T06:14:25.420Z [INFO]: Server running on port 4080
2025-05-16T06:14:26.056Z [INFO]: Connected to MongoDB
2025-05-16T06:27:31.470Z [INFO]: Server running on port 4080
2025-05-16T06:27:32.163Z [INFO]: Connected to MongoDB
2025-05-16T07:46:35.839Z [INFO]: Server running on port 4080
2025-05-16T07:46:49.949Z [INFO]: Server running on port 4080
2025-05-16T07:46:51.543Z [INFO]: Connected to MongoDB
2025-05-16T07:46:58.917Z [INFO]: Server running on port 4080
2025-05-16T07:46:59.402Z [INFO]: Connected to MongoDB
2025-05-16T07:58:02.042Z [INFO]: Server running on port 4080
2025-05-16T07:58:03.607Z [INFO]: Connected to MongoDB
2025-05-16T07:58:27.967Z [INFO]: Server running on port 4080
2025-05-16T07:58:29.178Z [INFO]: Connected to MongoDB
2025-05-16T08:50:59.554Z [INFO]: Server running on port 4080
2025-05-16T08:51:00.311Z [INFO]: Connected to MongoDB
2025-05-16T09:13:23.258Z [INFO]: Server running on port 4080
2025-05-16T09:13:27.833Z [INFO]: Connected to MongoDB
2025-05-16T09:17:48.728Z [INFO]: Server running on port 4080
2025-05-16T09:17:50.243Z [INFO]: Connected to MongoDB
2025-05-16T09:21:55.247Z [INFO]: Server running on port 4080
2025-05-16T09:21:56.977Z [INFO]: Connected to MongoDB
2025-05-16T10:13:51.177Z [INFO]: Server running on port 4080
2025-05-16T10:13:52.176Z [INFO]: Connected to MongoDB
2025-05-16T10:28:24.061Z [INFO]: Server running on port 4080
2025-05-16T10:28:25.093Z [INFO]: Connected to MongoDB
2025-05-16T10:31:19.409Z [INFO]: Server running on port 4080
2025-05-16T10:31:27.353Z [INFO]: Server running on port 4080
2025-05-16T10:31:29.413Z [INFO]: Connected to MongoDB
2025-05-16T10:31:35.730Z [INFO]: Server running on port 4080
2025-05-16T10:31:36.476Z [INFO]: Connected to MongoDB
2025-05-16T10:44:01.101Z [INFO]: Server running on port 4080
2025-05-16T10:44:03.859Z [INFO]: Connected to MongoDB
2025-05-16T10:49:07.018Z [INFO]: Server running on port 4080
2025-05-16T10:49:08.494Z [INFO]: Connected to MongoDB
2025-05-16T10:49:25.121Z [INFO]: Server running on port 4080
2025-05-16T10:49:26.943Z [INFO]: Connected to MongoDB
2025-05-16T10:50:04.527Z [INFO]: Server running on port 4080
2025-05-16T10:50:05.336Z [INFO]: Connected to MongoDB
2025-05-16T10:50:24.020Z [INFO]: Server running on port 4080
2025-05-16T10:50:24.805Z [INFO]: Connected to MongoDB
2025-05-16T10:56:44.323Z [INFO]: Server running on port 4080
2025-05-16T10:56:46.294Z [INFO]: Connected to MongoDB
2025-05-16T10:58:48.157Z [INFO]: Server running on port 4080
2025-05-16T10:58:50.482Z [INFO]: Connected to MongoDB
2025-05-16T11:02:53.362Z [INFO]: Server running on port 4080
2025-05-16T11:02:55.869Z [INFO]: Connected to MongoDB
2025-05-16T11:05:36.582Z [INFO]: Server running on port 4080
2025-05-16T11:05:46.094Z [INFO]: Server running on port 4080
2025-05-16T11:05:47.335Z [INFO]: Connected to MongoDB
2025-05-16T11:05:56.922Z [INFO]: Server running on port 4080
2025-05-16T11:05:57.679Z [INFO]: Connected to MongoDB
2025-05-16T11:12:15.397Z [INFO]: Server running on port 4080
2025-05-16T11:12:16.534Z [INFO]: Connected to MongoDB
2025-05-16T11:14:12.279Z [INFO]: Server running on port 4080
2025-05-16T11:14:17.631Z [INFO]: Server running on port 4080
2025-05-16T11:14:18.839Z [INFO]: Connected to MongoDB
2025-05-18T04:30:06.838Z [INFO]: Server running on port 4080
2025-05-18T04:30:07.775Z [INFO]: Connected to MongoDB
2025-05-18T04:30:34.078Z [INFO]: Server running on port 4080
2025-05-18T04:30:36.766Z [INFO]: Server running on port 4080
2025-05-18T04:30:39.573Z [INFO]: Server running on port 4080
2025-05-18T04:30:45.071Z [INFO]: Server running on port 4080
2025-05-18T04:30:45.658Z [INFO]: Connected to MongoDB
2025-05-18T04:30:51.104Z [INFO]: Server running on port 4080
2025-05-18T04:30:52.459Z [INFO]: Connected to MongoDB
2025-05-18T04:31:14.965Z [INFO]: Server running on port 4080
2025-05-18T04:31:17.710Z [INFO]: Server running on port 4080
2025-05-18T04:31:18.157Z [INFO]: Connected to MongoDB
2025-05-18T04:31:24.650Z [INFO]: Server running on port 4080
2025-05-18T04:31:26.119Z [INFO]: Connected to MongoDB
2025-05-18T04:31:32.275Z [INFO]: Server running on port 4080
2025-05-18T04:31:32.842Z [INFO]: Connected to MongoDB
2025-05-18T04:31:39.464Z [INFO]: Server running on port 4080
2025-05-18T04:31:39.985Z [INFO]: Connected to MongoDB
2025-05-18T04:31:43.185Z [INFO]: Server running on port 4080
2025-05-18T04:31:43.680Z [INFO]: Connected to MongoDB
2025-05-18T04:31:50.050Z [INFO]: Server running on port 4080
2025-05-18T04:31:50.763Z [INFO]: Connected to MongoDB
2025-05-18T04:35:23.509Z [INFO]: Server running on port 4080
2025-05-18T04:35:24.944Z [INFO]: Connected to MongoDB
2025-05-18T04:35:30.969Z [INFO]: Server running on port 4080
2025-05-18T04:35:31.742Z [INFO]: Connected to MongoDB
2025-05-18T04:36:00.065Z [INFO]: Server running on port 4080
2025-05-18T04:36:03.826Z [INFO]: Server running on port 4080
2025-05-18T04:36:05.390Z [INFO]: Connected to MongoDB
2025-05-18T04:36:14.738Z [INFO]: Server running on port 4080
2025-05-18T04:36:15.366Z [INFO]: Connected to MongoDB
2025-05-18T04:36:21.931Z [INFO]: Server running on port 4080
2025-05-18T04:36:28.237Z [INFO]: Server running on port 4080
2025-05-18T04:36:29.578Z [INFO]: Connected to MongoDB
2025-05-18T04:36:31.767Z [INFO]: Server running on port 4080
2025-05-18T04:36:32.272Z [INFO]: Connected to MongoDB
2025-05-18T04:36:34.899Z [INFO]: Server running on port 4080
2025-05-18T04:36:35.388Z [INFO]: Connected to MongoDB
2025-05-18T04:36:42.729Z [INFO]: Server running on port 4080
2025-05-18T04:36:43.264Z [INFO]: Connected to MongoDB
2025-05-18T04:36:56.857Z [INFO]: Server running on port 4080
2025-05-18T04:36:57.432Z [INFO]: Connected to MongoDB
2025-05-18T04:37:00.302Z [INFO]: Server running on port 4080
2025-05-18T04:37:00.734Z [INFO]: Connected to MongoDB
2025-05-18T04:37:06.674Z [INFO]: Server running on port 4080
2025-05-18T04:37:07.223Z [INFO]: Connected to MongoDB
2025-05-18T04:37:11.841Z [INFO]: Server running on port 4080
2025-05-18T04:37:12.337Z [INFO]: Connected to MongoDB
2025-05-18T04:37:23.278Z [INFO]: Server running on port 4080
2025-05-18T04:37:23.864Z [INFO]: Connected to MongoDB
2025-05-18T04:37:41.286Z [INFO]: Server running on port 4080
2025-05-18T04:37:41.978Z [INFO]: Connected to MongoDB
2025-05-18T04:38:25.893Z [INFO]: Server running on port 4080
2025-05-18T04:38:26.796Z [INFO]: Connected to MongoDB
2025-05-18T04:38:39.078Z [INFO]: Server running on port 4080
2025-05-18T04:38:40.373Z [INFO]: Connected to MongoDB
2025-05-18T04:38:42.706Z [INFO]: Server running on port 4080
2025-05-18T04:38:43.391Z [INFO]: Connected to MongoDB
2025-05-18T04:38:47.593Z [INFO]: Server running on port 4080
2025-05-18T04:38:48.991Z [INFO]: Connected to MongoDB
2025-05-18T04:38:52.088Z [INFO]: Server running on port 4080
2025-05-18T04:38:52.628Z [INFO]: Connected to MongoDB
2025-05-18T04:39:06.244Z [INFO]: Server running on port 4080
2025-05-18T04:39:08.296Z [INFO]: Connected to MongoDB
2025-05-18T04:39:15.829Z [INFO]: Server running on port 4080
2025-05-18T04:39:16.541Z [INFO]: Connected to MongoDB
2025-05-18T04:39:21.252Z [INFO]: Server running on port 4080
2025-05-18T04:39:22.812Z [INFO]: Connected to MongoDB
2025-05-18T04:45:32.093Z [INFO]: Server running on port 4080
2025-05-18T04:45:38.716Z [INFO]: Server running on port 4080
2025-05-18T04:45:41.138Z [INFO]: Server running on port 4080
2025-05-18T04:45:44.212Z [INFO]: Server running on port 4080
2025-05-18T04:45:45.648Z [INFO]: Connected to MongoDB
2025-05-18T04:47:11.830Z [INFO]: Server running on port 4080
2025-05-18T04:47:14.341Z [INFO]: Server running on port 4080
2025-05-18T04:47:15.391Z [INFO]: Connected to MongoDB
2025-05-18T04:50:19.974Z [INFO]: Server running on port 4080
2025-05-18T04:50:40.908Z [INFO]: Server running on port 4080
2025-05-18T04:50:41.579Z [INFO]: Connected to MongoDB
2025-05-18T04:55:05.022Z [INFO]: Server running on port 4080
2025-05-18T04:55:06.673Z [INFO]: Connected to MongoDB
2025-05-18T05:32:48.470Z [INFO]: Server running on port 4080
2025-05-18T05:32:50.348Z [INFO]: Connected to MongoDB
2025-05-18T05:33:25.857Z [INFO]: Server running on port 4080
2025-05-18T05:33:26.489Z [INFO]: Connected to MongoDB
2025-05-18T05:34:05.497Z [INFO]: Server running on port 4080
2025-05-18T05:34:06.204Z [INFO]: Connected to MongoDB
2025-05-18T05:36:52.041Z [INFO]: Server running on port 4080
2025-05-18T05:36:53.030Z [INFO]: Connected to MongoDB
2025-05-18T06:00:46.036Z [ERROR]: Not authorized, token failed - /api/categories - POST - ::1
2025-05-18T08:56:24.817Z [ERROR]: Not authorized, no token - /api/categories - POST - ::ffff:192.168.1.32
2025-05-18T10:06:55.598Z [ERROR]: Not Found - /auth/verify-otp - /auth/verify-otp - POST - ::ffff:192.168.1.32
2025-05-18T11:35:54.172Z [INFO]: Server running on port 4080
2025-05-18T11:35:55.202Z [INFO]: Connected to MongoDB
2025-05-19T04:35:49.360Z [INFO]: Server running on port 4080
2025-05-19T04:35:52.223Z [INFO]: Connected to MongoDB
2025-05-19T05:00:18.708Z [INFO]: Server running on port 4080
2025-05-19T05:00:20.285Z [INFO]: Connected to MongoDB
